                                      1 ;--------------------------------------------------------
                                      2 ; File Created by SDCC : free open source ANSI-C Compiler
                                      3 ; Version 4.2.0 #13081 (MINGW64)
                                      4 ;--------------------------------------------------------
                                      5 	.module stm8s_i2c
                                      6 	.optsdcc -mstm8
                                      7 	
                                      8 ;--------------------------------------------------------
                                      9 ; Public variables in this module
                                     10 ;--------------------------------------------------------
                                     11 	.globl _assert_failed
                                     12 	.globl _I2C_DeInit
                                     13 	.globl _I2C_Init
                                     14 	.globl _I2C_Cmd
                                     15 	.globl _I2C_GenerateSTART
                                     16 	.globl _I2C_GenerateSTOP
                                     17 	.globl _I2C_AcknowledgeConfig
                                     18 	.globl _I2C_ReceiveData
                                     19 	.globl _I2C_Send7bitAddress
                                     20 	.globl _I2C_SendData
                                     21 	.globl _I2C_CheckEvent
                                     22 	.globl _I2C_GetFlagStatus
                                     23 ;--------------------------------------------------------
                                     24 ; ram data
                                     25 ;--------------------------------------------------------
                                     26 	.area DATA
                                     27 ;--------------------------------------------------------
                                     28 ; ram data
                                     29 ;--------------------------------------------------------
                                     30 	.area INITIALIZED
                                     31 ;--------------------------------------------------------
                                     32 ; absolute external ram data
                                     33 ;--------------------------------------------------------
                                     34 	.area DABS (ABS)
                                     35 
                                     36 ; default segment ordering for linker
                                     37 	.area HOME
                                     38 	.area GSINIT
                                     39 	.area GSFINAL
                                     40 	.area CONST
                                     41 	.area INITIALIZER
                                     42 	.area CODE
                                     43 
                                     44 ;--------------------------------------------------------
                                     45 ; global & static initialisations
                                     46 ;--------------------------------------------------------
                                     47 	.area HOME
                                     48 	.area GSINIT
                                     49 	.area GSFINAL
                                     50 	.area GSINIT
                                     51 ;--------------------------------------------------------
                                     52 ; Home
                                     53 ;--------------------------------------------------------
                                     54 	.area HOME
                                     55 	.area HOME
                                     56 ;--------------------------------------------------------
                                     57 ; code
                                     58 ;--------------------------------------------------------
                                     59 	.area CODE
                                     60 ;	C:\Users\disan\.platformio\packages\framework-ststm8spl\Libraries\STM8S_StdPeriph_Driver\src\stm8s_i2c.c: 67: void I2C_DeInit(void)
                                     61 ;	-----------------------------------------
                                     62 ;	 function I2C_DeInit
                                     63 ;	-----------------------------------------
      000000                         64 _I2C_DeInit:
                                     65 ;	C:\Users\disan\.platformio\packages\framework-ststm8spl\Libraries\STM8S_StdPeriph_Driver\src\stm8s_i2c.c: 69: I2C->CR1 = I2C_CR1_RESET_VALUE;
      000000 35 00 52 10      [ 1]   66 	mov	0x5210+0, #0x00
                                     67 ;	C:\Users\disan\.platformio\packages\framework-ststm8spl\Libraries\STM8S_StdPeriph_Driver\src\stm8s_i2c.c: 70: I2C->CR2 = I2C_CR2_RESET_VALUE;
      000004 35 00 52 11      [ 1]   68 	mov	0x5211+0, #0x00
                                     69 ;	C:\Users\disan\.platformio\packages\framework-ststm8spl\Libraries\STM8S_StdPeriph_Driver\src\stm8s_i2c.c: 71: I2C->FREQR = I2C_FREQR_RESET_VALUE;
      000008 35 00 52 12      [ 1]   70 	mov	0x5212+0, #0x00
                                     71 ;	C:\Users\disan\.platformio\packages\framework-ststm8spl\Libraries\STM8S_StdPeriph_Driver\src\stm8s_i2c.c: 72: I2C->OARL = I2C_OARL_RESET_VALUE;
      00000C 35 00 52 13      [ 1]   72 	mov	0x5213+0, #0x00
                                     73 ;	C:\Users\disan\.platformio\packages\framework-ststm8spl\Libraries\STM8S_StdPeriph_Driver\src\stm8s_i2c.c: 73: I2C->OARH = I2C_OARH_RESET_VALUE;
      000010 35 00 52 14      [ 1]   74 	mov	0x5214+0, #0x00
                                     75 ;	C:\Users\disan\.platformio\packages\framework-ststm8spl\Libraries\STM8S_StdPeriph_Driver\src\stm8s_i2c.c: 74: I2C->ITR = I2C_ITR_RESET_VALUE;
      000014 35 00 52 1A      [ 1]   76 	mov	0x521a+0, #0x00
                                     77 ;	C:\Users\disan\.platformio\packages\framework-ststm8spl\Libraries\STM8S_StdPeriph_Driver\src\stm8s_i2c.c: 75: I2C->CCRL = I2C_CCRL_RESET_VALUE;
      000018 35 00 52 1B      [ 1]   78 	mov	0x521b+0, #0x00
                                     79 ;	C:\Users\disan\.platformio\packages\framework-ststm8spl\Libraries\STM8S_StdPeriph_Driver\src\stm8s_i2c.c: 76: I2C->CCRH = I2C_CCRH_RESET_VALUE;
      00001C 35 00 52 1C      [ 1]   80 	mov	0x521c+0, #0x00
                                     81 ;	C:\Users\disan\.platformio\packages\framework-ststm8spl\Libraries\STM8S_StdPeriph_Driver\src\stm8s_i2c.c: 77: I2C->TRISER = I2C_TRISER_RESET_VALUE;
      000020 35 02 52 1D      [ 1]   82 	mov	0x521d+0, #0x02
                                     83 ;	C:\Users\disan\.platformio\packages\framework-ststm8spl\Libraries\STM8S_StdPeriph_Driver\src\stm8s_i2c.c: 78: }
      000024 81               [ 4]   84 	ret
                                     85 ;	C:\Users\disan\.platformio\packages\framework-ststm8spl\Libraries\STM8S_StdPeriph_Driver\src\stm8s_i2c.c: 96: void I2C_Init(uint32_t OutputClockFrequencyHz, uint16_t OwnAddress, 
                                     86 ;	-----------------------------------------
                                     87 ;	 function I2C_Init
                                     88 ;	-----------------------------------------
      000025                         89 _I2C_Init:
      000025 52 07            [ 2]   90 	sub	sp, #7
                                     91 ;	C:\Users\disan\.platformio\packages\framework-ststm8spl\Libraries\STM8S_StdPeriph_Driver\src\stm8s_i2c.c: 102: uint8_t tmpccrh = 0;
      000027 0F 05            [ 1]   92 	clr	(0x05, sp)
                                     93 ;	C:\Users\disan\.platformio\packages\framework-ststm8spl\Libraries\STM8S_StdPeriph_Driver\src\stm8s_i2c.c: 105: assert_param(IS_I2C_ACK_OK(Ack));
      000029 0D 11            [ 1]   94 	tnz	(0x11, sp)
      00002B 27 17            [ 1]   95 	jreq	00114$
      00002D 7B 11            [ 1]   96 	ld	a, (0x11, sp)
      00002F 4A               [ 1]   97 	dec	a
      000030 27 12            [ 1]   98 	jreq	00114$
      000032 7B 11            [ 1]   99 	ld	a, (0x11, sp)
      000034 A1 02            [ 1]  100 	cp	a, #0x02
      000036 27 0C            [ 1]  101 	jreq	00114$
      000038 4B 69            [ 1]  102 	push	#0x69
      00003A 5F               [ 1]  103 	clrw	x
      00003B 89               [ 2]  104 	pushw	x
      00003C 4B 00            [ 1]  105 	push	#0x00
      00003E AEr00r00         [ 2]  106 	ldw	x, #(___str_0+0)
      000041 CDr00r00         [ 4]  107 	call	_assert_failed
      000044                        108 00114$:
                                    109 ;	C:\Users\disan\.platformio\packages\framework-ststm8spl\Libraries\STM8S_StdPeriph_Driver\src\stm8s_i2c.c: 106: assert_param(IS_I2C_ADDMODE_OK(AddMode));
      000044 0D 12            [ 1]  110 	tnz	(0x12, sp)
      000046 27 12            [ 1]  111 	jreq	00122$
      000048 7B 12            [ 1]  112 	ld	a, (0x12, sp)
      00004A A1 80            [ 1]  113 	cp	a, #0x80
      00004C 27 0C            [ 1]  114 	jreq	00122$
      00004E 4B 6A            [ 1]  115 	push	#0x6a
      000050 5F               [ 1]  116 	clrw	x
      000051 89               [ 2]  117 	pushw	x
      000052 4B 00            [ 1]  118 	push	#0x00
      000054 AEr00r00         [ 2]  119 	ldw	x, #(___str_0+0)
      000057 CDr00r00         [ 4]  120 	call	_assert_failed
      00005A                        121 00122$:
                                    122 ;	C:\Users\disan\.platformio\packages\framework-ststm8spl\Libraries\STM8S_StdPeriph_Driver\src\stm8s_i2c.c: 107: assert_param(IS_I2C_OWN_ADDRESS_OK(OwnAddress));
      00005A 1E 0E            [ 2]  123 	ldw	x, (0x0e, sp)
      00005C A3 03 FF         [ 2]  124 	cpw	x, #0x03ff
      00005F 23 0C            [ 2]  125 	jrule	00127$
      000061 4B 6B            [ 1]  126 	push	#0x6b
      000063 5F               [ 1]  127 	clrw	x
      000064 89               [ 2]  128 	pushw	x
      000065 4B 00            [ 1]  129 	push	#0x00
      000067 AEr00r00         [ 2]  130 	ldw	x, #(___str_0+0)
      00006A CDr00r00         [ 4]  131 	call	_assert_failed
      00006D                        132 00127$:
                                    133 ;	C:\Users\disan\.platformio\packages\framework-ststm8spl\Libraries\STM8S_StdPeriph_Driver\src\stm8s_i2c.c: 108: assert_param(IS_I2C_DUTYCYCLE_OK(I2C_DutyCycle));  
      00006D 0D 10            [ 1]  134 	tnz	(0x10, sp)
      00006F 27 12            [ 1]  135 	jreq	00129$
      000071 7B 10            [ 1]  136 	ld	a, (0x10, sp)
      000073 A1 40            [ 1]  137 	cp	a, #0x40
      000075 27 0C            [ 1]  138 	jreq	00129$
      000077 4B 6C            [ 1]  139 	push	#0x6c
      000079 5F               [ 1]  140 	clrw	x
      00007A 89               [ 2]  141 	pushw	x
      00007B 4B 00            [ 1]  142 	push	#0x00
      00007D AEr00r00         [ 2]  143 	ldw	x, #(___str_0+0)
      000080 CDr00r00         [ 4]  144 	call	_assert_failed
      000083                        145 00129$:
                                    146 ;	C:\Users\disan\.platformio\packages\framework-ststm8spl\Libraries\STM8S_StdPeriph_Driver\src\stm8s_i2c.c: 109: assert_param(IS_I2C_INPUT_CLOCK_FREQ_OK(InputClockFrequencyMHz));
      000083 7B 13            [ 1]  147 	ld	a, (0x13, sp)
      000085 A1 01            [ 1]  148 	cp	a, #0x01
      000087 25 06            [ 1]  149 	jrc	00133$
      000089 7B 13            [ 1]  150 	ld	a, (0x13, sp)
      00008B A1 10            [ 1]  151 	cp	a, #0x10
      00008D 23 0C            [ 2]  152 	jrule	00134$
      00008F                        153 00133$:
      00008F 4B 6D            [ 1]  154 	push	#0x6d
      000091 5F               [ 1]  155 	clrw	x
      000092 89               [ 2]  156 	pushw	x
      000093 4B 00            [ 1]  157 	push	#0x00
      000095 AEr00r00         [ 2]  158 	ldw	x, #(___str_0+0)
      000098 CDr00r00         [ 4]  159 	call	_assert_failed
      00009B                        160 00134$:
                                    161 ;	C:\Users\disan\.platformio\packages\framework-ststm8spl\Libraries\STM8S_StdPeriph_Driver\src\stm8s_i2c.c: 110: assert_param(IS_I2C_OUTPUT_CLOCK_FREQ_OK(OutputClockFrequencyHz));
      00009B 1E 0C            [ 2]  162 	ldw	x, (0x0c, sp)
      00009D A3 00 01         [ 2]  163 	cpw	x, #0x0001
      0000A0 7B 0B            [ 1]  164 	ld	a, (0x0b, sp)
      0000A2 A2 00            [ 1]  165 	sbc	a, #0x00
      0000A4 7B 0A            [ 1]  166 	ld	a, (0x0a, sp)
      0000A6 A2 00            [ 1]  167 	sbc	a, #0x00
      0000A8 25 0E            [ 1]  168 	jrc	00138$
      0000AA AE 1A 80         [ 2]  169 	ldw	x, #0x1a80
      0000AD 13 0C            [ 2]  170 	cpw	x, (0x0c, sp)
      0000AF A6 06            [ 1]  171 	ld	a, #0x06
      0000B1 12 0B            [ 1]  172 	sbc	a, (0x0b, sp)
      0000B3 4F               [ 1]  173 	clr	a
      0000B4 12 0A            [ 1]  174 	sbc	a, (0x0a, sp)
      0000B6 24 0C            [ 1]  175 	jrnc	00139$
      0000B8                        176 00138$:
      0000B8 4B 6E            [ 1]  177 	push	#0x6e
      0000BA 5F               [ 1]  178 	clrw	x
      0000BB 89               [ 2]  179 	pushw	x
      0000BC 4B 00            [ 1]  180 	push	#0x00
      0000BE AEr00r00         [ 2]  181 	ldw	x, #(___str_0+0)
      0000C1 CDr00r00         [ 4]  182 	call	_assert_failed
      0000C4                        183 00139$:
                                    184 ;	C:\Users\disan\.platformio\packages\framework-ststm8spl\Libraries\STM8S_StdPeriph_Driver\src\stm8s_i2c.c: 115: I2C->FREQR &= (uint8_t)(~I2C_FREQR_FREQ);
      0000C4 C6 52 12         [ 1]  185 	ld	a, 0x5212
      0000C7 A4 C0            [ 1]  186 	and	a, #0xc0
      0000C9 C7 52 12         [ 1]  187 	ld	0x5212, a
                                    188 ;	C:\Users\disan\.platformio\packages\framework-ststm8spl\Libraries\STM8S_StdPeriph_Driver\src\stm8s_i2c.c: 117: I2C->FREQR |= InputClockFrequencyMHz;
      0000CC C6 52 12         [ 1]  189 	ld	a, 0x5212
      0000CF 1A 13            [ 1]  190 	or	a, (0x13, sp)
      0000D1 C7 52 12         [ 1]  191 	ld	0x5212, a
                                    192 ;	C:\Users\disan\.platformio\packages\framework-ststm8spl\Libraries\STM8S_StdPeriph_Driver\src\stm8s_i2c.c: 121: I2C->CR1 &= (uint8_t)(~I2C_CR1_PE);
      0000D4 72 11 52 10      [ 1]  193 	bres	0x5210, #0
                                    194 ;	C:\Users\disan\.platformio\packages\framework-ststm8spl\Libraries\STM8S_StdPeriph_Driver\src\stm8s_i2c.c: 124: I2C->CCRH &= (uint8_t)(~(I2C_CCRH_FS | I2C_CCRH_DUTY | I2C_CCRH_CCR));
      0000D8 C6 52 1C         [ 1]  195 	ld	a, 0x521c
      0000DB A4 30            [ 1]  196 	and	a, #0x30
      0000DD C7 52 1C         [ 1]  197 	ld	0x521c, a
                                    198 ;	C:\Users\disan\.platformio\packages\framework-ststm8spl\Libraries\STM8S_StdPeriph_Driver\src\stm8s_i2c.c: 125: I2C->CCRL &= (uint8_t)(~I2C_CCRL_CCR);
      0000E0 C6 52 1B         [ 1]  199 	ld	a, 0x521b
      0000E3 35 00 52 1B      [ 1]  200 	mov	0x521b+0, #0x00
                                    201 ;	C:\Users\disan\.platformio\packages\framework-ststm8spl\Libraries\STM8S_StdPeriph_Driver\src\stm8s_i2c.c: 136: result = (uint16_t) ((InputClockFrequencyMHz * 1000000) / (OutputClockFrequencyHz * 3));
      0000E7 5F               [ 1]  202 	clrw	x
      0000E8 7B 13            [ 1]  203 	ld	a, (0x13, sp)
      0000EA 97               [ 1]  204 	ld	xl, a
      0000EB 90 5F            [ 1]  205 	clrw	y
      0000ED 89               [ 2]  206 	pushw	x
      0000EE 90 89            [ 2]  207 	pushw	y
      0000F0 4B 40            [ 1]  208 	push	#0x40
      0000F2 4B 42            [ 1]  209 	push	#0x42
      0000F4 4B 0F            [ 1]  210 	push	#0x0f
      0000F6 4B 00            [ 1]  211 	push	#0x00
      0000F8 CDr00r00         [ 4]  212 	call	__mullong
      0000FB 5B 08            [ 2]  213 	addw	sp, #8
      0000FD 1F 03            [ 2]  214 	ldw	(0x03, sp), x
      0000FF 17 01            [ 2]  215 	ldw	(0x01, sp), y
                                    216 ;	C:\Users\disan\.platformio\packages\framework-ststm8spl\Libraries\STM8S_StdPeriph_Driver\src\stm8s_i2c.c: 128: if (OutputClockFrequencyHz > I2C_MAX_STANDARD_FREQ) /* FAST MODE */
      000101 AE 86 A0         [ 2]  217 	ldw	x, #0x86a0
      000104 13 0C            [ 2]  218 	cpw	x, (0x0c, sp)
      000106 A6 01            [ 1]  219 	ld	a, #0x01
      000108 12 0B            [ 1]  220 	sbc	a, (0x0b, sp)
      00010A 4F               [ 1]  221 	clr	a
      00010B 12 0A            [ 1]  222 	sbc	a, (0x0a, sp)
      00010D 24 76            [ 1]  223 	jrnc	00109$
                                    224 ;	C:\Users\disan\.platformio\packages\framework-ststm8spl\Libraries\STM8S_StdPeriph_Driver\src\stm8s_i2c.c: 131: tmpccrh = I2C_CCRH_FS;
      00010F A6 80            [ 1]  225 	ld	a, #0x80
      000111 6B 05            [ 1]  226 	ld	(0x05, sp), a
                                    227 ;	C:\Users\disan\.platformio\packages\framework-ststm8spl\Libraries\STM8S_StdPeriph_Driver\src\stm8s_i2c.c: 133: if (I2C_DutyCycle == I2C_DUTYCYCLE_2)
      000113 0D 10            [ 1]  228 	tnz	(0x10, sp)
      000115 26 21            [ 1]  229 	jrne	00102$
                                    230 ;	C:\Users\disan\.platformio\packages\framework-ststm8spl\Libraries\STM8S_StdPeriph_Driver\src\stm8s_i2c.c: 136: result = (uint16_t) ((InputClockFrequencyMHz * 1000000) / (OutputClockFrequencyHz * 3));
      000117 1E 0C            [ 2]  231 	ldw	x, (0x0c, sp)
      000119 89               [ 2]  232 	pushw	x
      00011A 1E 0C            [ 2]  233 	ldw	x, (0x0c, sp)
      00011C 89               [ 2]  234 	pushw	x
      00011D 4B 03            [ 1]  235 	push	#0x03
      00011F 5F               [ 1]  236 	clrw	x
      000120 89               [ 2]  237 	pushw	x
      000121 4B 00            [ 1]  238 	push	#0x00
      000123 CDr00r00         [ 4]  239 	call	__mullong
      000126 5B 08            [ 2]  240 	addw	sp, #8
      000128 89               [ 2]  241 	pushw	x
      000129 90 89            [ 2]  242 	pushw	y
      00012B 1E 07            [ 2]  243 	ldw	x, (0x07, sp)
      00012D 89               [ 2]  244 	pushw	x
      00012E 1E 07            [ 2]  245 	ldw	x, (0x07, sp)
      000130 89               [ 2]  246 	pushw	x
      000131 CDr00r00         [ 4]  247 	call	__divulong
      000134 5B 08            [ 2]  248 	addw	sp, #8
      000136 20 26            [ 2]  249 	jra	00103$
      000138                        250 00102$:
                                    251 ;	C:\Users\disan\.platformio\packages\framework-ststm8spl\Libraries\STM8S_StdPeriph_Driver\src\stm8s_i2c.c: 141: result = (uint16_t) ((InputClockFrequencyMHz * 1000000) / (OutputClockFrequencyHz * 25));
      000138 1E 0C            [ 2]  252 	ldw	x, (0x0c, sp)
      00013A 89               [ 2]  253 	pushw	x
      00013B 1E 0C            [ 2]  254 	ldw	x, (0x0c, sp)
      00013D 89               [ 2]  255 	pushw	x
      00013E 4B 19            [ 1]  256 	push	#0x19
      000140 5F               [ 1]  257 	clrw	x
      000141 89               [ 2]  258 	pushw	x
      000142 4B 00            [ 1]  259 	push	#0x00
      000144 CDr00r00         [ 4]  260 	call	__mullong
      000147 5B 08            [ 2]  261 	addw	sp, #8
      000149 9F               [ 1]  262 	ld	a, xl
      00014A 88               [ 1]  263 	push	a
      00014B 9E               [ 1]  264 	ld	a, xh
      00014C 88               [ 1]  265 	push	a
      00014D 90 89            [ 2]  266 	pushw	y
      00014F 1E 07            [ 2]  267 	ldw	x, (0x07, sp)
      000151 89               [ 2]  268 	pushw	x
      000152 1E 07            [ 2]  269 	ldw	x, (0x07, sp)
      000154 89               [ 2]  270 	pushw	x
      000155 CDr00r00         [ 4]  271 	call	__divulong
      000158 5B 08            [ 2]  272 	addw	sp, #8
                                    273 ;	C:\Users\disan\.platformio\packages\framework-ststm8spl\Libraries\STM8S_StdPeriph_Driver\src\stm8s_i2c.c: 143: tmpccrh |= I2C_CCRH_DUTY;
      00015A A6 C0            [ 1]  274 	ld	a, #0xc0
      00015C 6B 05            [ 1]  275 	ld	(0x05, sp), a
      00015E                        276 00103$:
                                    277 ;	C:\Users\disan\.platformio\packages\framework-ststm8spl\Libraries\STM8S_StdPeriph_Driver\src\stm8s_i2c.c: 147: if (result < (uint16_t)0x01)
      00015E A3 00 01         [ 2]  278 	cpw	x, #0x0001
      000161 24 02            [ 1]  279 	jrnc	00105$
                                    280 ;	C:\Users\disan\.platformio\packages\framework-ststm8spl\Libraries\STM8S_StdPeriph_Driver\src\stm8s_i2c.c: 150: result = (uint16_t)0x0001;
      000163 5F               [ 1]  281 	clrw	x
      000164 5C               [ 1]  282 	incw	x
      000165                        283 00105$:
                                    284 ;	C:\Users\disan\.platformio\packages\framework-ststm8spl\Libraries\STM8S_StdPeriph_Driver\src\stm8s_i2c.c: 156: tmpval = ((InputClockFrequencyMHz * 3) / 10) + 1;
      000165 7B 13            [ 1]  285 	ld	a, (0x13, sp)
      000167 6B 07            [ 1]  286 	ld	(0x07, sp), a
      000169 0F 06            [ 1]  287 	clr	(0x06, sp)
      00016B 89               [ 2]  288 	pushw	x
      00016C 1E 08            [ 2]  289 	ldw	x, (0x08, sp)
      00016E 58               [ 2]  290 	sllw	x
      00016F 72 FB 08         [ 2]  291 	addw	x, (0x08, sp)
      000172 51               [ 1]  292 	exgw	x, y
      000173 4B 0A            [ 1]  293 	push	#0x0a
      000175 4B 00            [ 1]  294 	push	#0x00
      000177 93               [ 1]  295 	ldw	x, y
      000178 CDr00r00         [ 4]  296 	call	__divsint
      00017B 90 93            [ 1]  297 	ldw	y, x
      00017D 9F               [ 1]  298 	ld	a, xl
      00017E 85               [ 2]  299 	popw	x
      00017F 4C               [ 1]  300 	inc	a
                                    301 ;	C:\Users\disan\.platformio\packages\framework-ststm8spl\Libraries\STM8S_StdPeriph_Driver\src\stm8s_i2c.c: 157: I2C->TRISER = (uint8_t)tmpval;
      000180 C7 52 1D         [ 1]  302 	ld	0x521d, a
      000183 20 23            [ 2]  303 	jra	00110$
      000185                        304 00109$:
                                    305 ;	C:\Users\disan\.platformio\packages\framework-ststm8spl\Libraries\STM8S_StdPeriph_Driver\src\stm8s_i2c.c: 164: result = (uint16_t)((InputClockFrequencyMHz * 1000000) / (OutputClockFrequencyHz << (uint8_t)1));
      000185 1E 0C            [ 2]  306 	ldw	x, (0x0c, sp)
      000187 16 0A            [ 2]  307 	ldw	y, (0x0a, sp)
      000189 58               [ 2]  308 	sllw	x
      00018A 90 59            [ 2]  309 	rlcw	y
      00018C 89               [ 2]  310 	pushw	x
      00018D 90 89            [ 2]  311 	pushw	y
      00018F 1E 07            [ 2]  312 	ldw	x, (0x07, sp)
      000191 89               [ 2]  313 	pushw	x
      000192 1E 07            [ 2]  314 	ldw	x, (0x07, sp)
      000194 89               [ 2]  315 	pushw	x
      000195 CDr00r00         [ 4]  316 	call	__divulong
      000198 5B 08            [ 2]  317 	addw	sp, #8
                                    318 ;	C:\Users\disan\.platformio\packages\framework-ststm8spl\Libraries\STM8S_StdPeriph_Driver\src\stm8s_i2c.c: 167: if (result < (uint16_t)0x0004)
      00019A A3 00 04         [ 2]  319 	cpw	x, #0x0004
      00019D 24 03            [ 1]  320 	jrnc	00107$
                                    321 ;	C:\Users\disan\.platformio\packages\framework-ststm8spl\Libraries\STM8S_StdPeriph_Driver\src\stm8s_i2c.c: 170: result = (uint16_t)0x0004;
      00019F AE 00 04         [ 2]  322 	ldw	x, #0x0004
      0001A2                        323 00107$:
                                    324 ;	C:\Users\disan\.platformio\packages\framework-ststm8spl\Libraries\STM8S_StdPeriph_Driver\src\stm8s_i2c.c: 176: I2C->TRISER = (uint8_t)(InputClockFrequencyMHz + (uint8_t)1);
      0001A2 7B 13            [ 1]  325 	ld	a, (0x13, sp)
      0001A4 4C               [ 1]  326 	inc	a
      0001A5 C7 52 1D         [ 1]  327 	ld	0x521d, a
      0001A8                        328 00110$:
                                    329 ;	C:\Users\disan\.platformio\packages\framework-ststm8spl\Libraries\STM8S_StdPeriph_Driver\src\stm8s_i2c.c: 181: I2C->CCRL = (uint8_t)result;
      0001A8 9F               [ 1]  330 	ld	a, xl
      0001A9 C7 52 1B         [ 1]  331 	ld	0x521b, a
                                    332 ;	C:\Users\disan\.platformio\packages\framework-ststm8spl\Libraries\STM8S_StdPeriph_Driver\src\stm8s_i2c.c: 182: I2C->CCRH = (uint8_t)((uint8_t)((uint8_t)(result >> 8) & I2C_CCRH_CCR) | tmpccrh);
      0001AC 9E               [ 1]  333 	ld	a, xh
      0001AD A4 0F            [ 1]  334 	and	a, #0x0f
      0001AF 1A 05            [ 1]  335 	or	a, (0x05, sp)
      0001B1 C7 52 1C         [ 1]  336 	ld	0x521c, a
                                    337 ;	C:\Users\disan\.platformio\packages\framework-ststm8spl\Libraries\STM8S_StdPeriph_Driver\src\stm8s_i2c.c: 185: I2C->CR1 |= I2C_CR1_PE;
      0001B4 72 10 52 10      [ 1]  338 	bset	0x5210, #0
                                    339 ;	C:\Users\disan\.platformio\packages\framework-ststm8spl\Libraries\STM8S_StdPeriph_Driver\src\stm8s_i2c.c: 188: I2C_AcknowledgeConfig(Ack);
      0001B8 7B 11            [ 1]  340 	ld	a, (0x11, sp)
      0001BA CDr02r5E         [ 4]  341 	call	_I2C_AcknowledgeConfig
                                    342 ;	C:\Users\disan\.platformio\packages\framework-ststm8spl\Libraries\STM8S_StdPeriph_Driver\src\stm8s_i2c.c: 191: I2C->OARL = (uint8_t)(OwnAddress);
      0001BD 7B 0F            [ 1]  343 	ld	a, (0x0f, sp)
      0001BF C7 52 13         [ 1]  344 	ld	0x5213, a
                                    345 ;	C:\Users\disan\.platformio\packages\framework-ststm8spl\Libraries\STM8S_StdPeriph_Driver\src\stm8s_i2c.c: 192: I2C->OARH = (uint8_t)((uint8_t)(AddMode | I2C_OARH_ADDCONF) |
      0001C2 7B 12            [ 1]  346 	ld	a, (0x12, sp)
      0001C4 AA 40            [ 1]  347 	or	a, #0x40
      0001C6 6B 07            [ 1]  348 	ld	(0x07, sp), a
                                    349 ;	C:\Users\disan\.platformio\packages\framework-ststm8spl\Libraries\STM8S_StdPeriph_Driver\src\stm8s_i2c.c: 193: (uint8_t)((OwnAddress & (uint16_t)0x0300) >> (uint8_t)7));
      0001C8 4F               [ 1]  350 	clr	a
      0001C9 97               [ 1]  351 	ld	xl, a
      0001CA 7B 0E            [ 1]  352 	ld	a, (0x0e, sp)
      0001CC A4 03            [ 1]  353 	and	a, #0x03
      0001CE 95               [ 1]  354 	ld	xh, a
      0001CF A6 80            [ 1]  355 	ld	a, #0x80
      0001D1 62               [ 2]  356 	div	x, a
      0001D2 9F               [ 1]  357 	ld	a, xl
      0001D3 1A 07            [ 1]  358 	or	a, (0x07, sp)
      0001D5 C7 52 14         [ 1]  359 	ld	0x5214, a
                                    360 ;	C:\Users\disan\.platformio\packages\framework-ststm8spl\Libraries\STM8S_StdPeriph_Driver\src\stm8s_i2c.c: 194: }
      0001D8 1E 08            [ 2]  361 	ldw	x, (8, sp)
      0001DA 5B 13            [ 2]  362 	addw	sp, #19
      0001DC FC               [ 2]  363 	jp	(x)
                                    364 ;	C:\Users\disan\.platformio\packages\framework-ststm8spl\Libraries\STM8S_StdPeriph_Driver\src\stm8s_i2c.c: 202: void I2C_Cmd(FunctionalState NewState)
                                    365 ;	-----------------------------------------
                                    366 ;	 function I2C_Cmd
                                    367 ;	-----------------------------------------
      0001DD                        368 _I2C_Cmd:
      0001DD 88               [ 1]  369 	push	a
                                    370 ;	C:\Users\disan\.platformio\packages\framework-ststm8spl\Libraries\STM8S_StdPeriph_Driver\src\stm8s_i2c.c: 205: assert_param(IS_FUNCTIONALSTATE_OK(NewState));
      0001DE 6B 01            [ 1]  371 	ld	(0x01, sp), a
      0001E0 27 11            [ 1]  372 	jreq	00107$
      0001E2 7B 01            [ 1]  373 	ld	a, (0x01, sp)
      0001E4 4A               [ 1]  374 	dec	a
      0001E5 27 0C            [ 1]  375 	jreq	00107$
      0001E7 4B CD            [ 1]  376 	push	#0xcd
      0001E9 5F               [ 1]  377 	clrw	x
      0001EA 89               [ 2]  378 	pushw	x
      0001EB 4B 00            [ 1]  379 	push	#0x00
      0001ED AEr00r00         [ 2]  380 	ldw	x, #(___str_0+0)
      0001F0 CDr00r00         [ 4]  381 	call	_assert_failed
      0001F3                        382 00107$:
                                    383 ;	C:\Users\disan\.platformio\packages\framework-ststm8spl\Libraries\STM8S_StdPeriph_Driver\src\stm8s_i2c.c: 210: I2C->CR1 |= I2C_CR1_PE;
      0001F3 C6 52 10         [ 1]  384 	ld	a, 0x5210
                                    385 ;	C:\Users\disan\.platformio\packages\framework-ststm8spl\Libraries\STM8S_StdPeriph_Driver\src\stm8s_i2c.c: 207: if (NewState != DISABLE)
      0001F6 0D 01            [ 1]  386 	tnz	(0x01, sp)
      0001F8 27 07            [ 1]  387 	jreq	00102$
                                    388 ;	C:\Users\disan\.platformio\packages\framework-ststm8spl\Libraries\STM8S_StdPeriph_Driver\src\stm8s_i2c.c: 210: I2C->CR1 |= I2C_CR1_PE;
      0001FA AA 01            [ 1]  389 	or	a, #0x01
      0001FC C7 52 10         [ 1]  390 	ld	0x5210, a
      0001FF 20 05            [ 2]  391 	jra	00104$
      000201                        392 00102$:
                                    393 ;	C:\Users\disan\.platformio\packages\framework-ststm8spl\Libraries\STM8S_StdPeriph_Driver\src\stm8s_i2c.c: 215: I2C->CR1 &= (uint8_t)(~I2C_CR1_PE);
      000201 A4 FE            [ 1]  394 	and	a, #0xfe
      000203 C7 52 10         [ 1]  395 	ld	0x5210, a
      000206                        396 00104$:
                                    397 ;	C:\Users\disan\.platformio\packages\framework-ststm8spl\Libraries\STM8S_StdPeriph_Driver\src\stm8s_i2c.c: 217: }
      000206 84               [ 1]  398 	pop	a
      000207 81               [ 4]  399 	ret
                                    400 ;	C:\Users\disan\.platformio\packages\framework-ststm8spl\Libraries\STM8S_StdPeriph_Driver\src\stm8s_i2c.c: 252: void I2C_GenerateSTART(FunctionalState NewState)
                                    401 ;	-----------------------------------------
                                    402 ;	 function I2C_GenerateSTART
                                    403 ;	-----------------------------------------
      000208                        404 _I2C_GenerateSTART:
      000208 88               [ 1]  405 	push	a
                                    406 ;	C:\Users\disan\.platformio\packages\framework-ststm8spl\Libraries\STM8S_StdPeriph_Driver\src\stm8s_i2c.c: 255: assert_param(IS_FUNCTIONALSTATE_OK(NewState));
      000209 6B 01            [ 1]  407 	ld	(0x01, sp), a
      00020B 27 11            [ 1]  408 	jreq	00107$
      00020D 7B 01            [ 1]  409 	ld	a, (0x01, sp)
      00020F 4A               [ 1]  410 	dec	a
      000210 27 0C            [ 1]  411 	jreq	00107$
      000212 4B FF            [ 1]  412 	push	#0xff
      000214 5F               [ 1]  413 	clrw	x
      000215 89               [ 2]  414 	pushw	x
      000216 4B 00            [ 1]  415 	push	#0x00
      000218 AEr00r00         [ 2]  416 	ldw	x, #(___str_0+0)
      00021B CDr00r00         [ 4]  417 	call	_assert_failed
      00021E                        418 00107$:
                                    419 ;	C:\Users\disan\.platformio\packages\framework-ststm8spl\Libraries\STM8S_StdPeriph_Driver\src\stm8s_i2c.c: 260: I2C->CR2 |= I2C_CR2_START;
      00021E C6 52 11         [ 1]  420 	ld	a, 0x5211
                                    421 ;	C:\Users\disan\.platformio\packages\framework-ststm8spl\Libraries\STM8S_StdPeriph_Driver\src\stm8s_i2c.c: 257: if (NewState != DISABLE)
      000221 0D 01            [ 1]  422 	tnz	(0x01, sp)
      000223 27 07            [ 1]  423 	jreq	00102$
                                    424 ;	C:\Users\disan\.platformio\packages\framework-ststm8spl\Libraries\STM8S_StdPeriph_Driver\src\stm8s_i2c.c: 260: I2C->CR2 |= I2C_CR2_START;
      000225 AA 01            [ 1]  425 	or	a, #0x01
      000227 C7 52 11         [ 1]  426 	ld	0x5211, a
      00022A 20 05            [ 2]  427 	jra	00104$
      00022C                        428 00102$:
                                    429 ;	C:\Users\disan\.platformio\packages\framework-ststm8spl\Libraries\STM8S_StdPeriph_Driver\src\stm8s_i2c.c: 265: I2C->CR2 &= (uint8_t)(~I2C_CR2_START);
      00022C A4 FE            [ 1]  430 	and	a, #0xfe
      00022E C7 52 11         [ 1]  431 	ld	0x5211, a
      000231                        432 00104$:
                                    433 ;	C:\Users\disan\.platformio\packages\framework-ststm8spl\Libraries\STM8S_StdPeriph_Driver\src\stm8s_i2c.c: 267: }
      000231 84               [ 1]  434 	pop	a
      000232 81               [ 4]  435 	ret
                                    436 ;	C:\Users\disan\.platformio\packages\framework-ststm8spl\Libraries\STM8S_StdPeriph_Driver\src\stm8s_i2c.c: 275: void I2C_GenerateSTOP(FunctionalState NewState)
                                    437 ;	-----------------------------------------
                                    438 ;	 function I2C_GenerateSTOP
                                    439 ;	-----------------------------------------
      000233                        440 _I2C_GenerateSTOP:
      000233 88               [ 1]  441 	push	a
                                    442 ;	C:\Users\disan\.platformio\packages\framework-ststm8spl\Libraries\STM8S_StdPeriph_Driver\src\stm8s_i2c.c: 278: assert_param(IS_FUNCTIONALSTATE_OK(NewState));
      000234 6B 01            [ 1]  443 	ld	(0x01, sp), a
      000236 27 11            [ 1]  444 	jreq	00107$
      000238 7B 01            [ 1]  445 	ld	a, (0x01, sp)
      00023A 4A               [ 1]  446 	dec	a
      00023B 27 0C            [ 1]  447 	jreq	00107$
      00023D 4B 16            [ 1]  448 	push	#0x16
      00023F 4B 01            [ 1]  449 	push	#0x01
      000241 5F               [ 1]  450 	clrw	x
      000242 89               [ 2]  451 	pushw	x
      000243 AEr00r00         [ 2]  452 	ldw	x, #(___str_0+0)
      000246 CDr00r00         [ 4]  453 	call	_assert_failed
      000249                        454 00107$:
                                    455 ;	C:\Users\disan\.platformio\packages\framework-ststm8spl\Libraries\STM8S_StdPeriph_Driver\src\stm8s_i2c.c: 283: I2C->CR2 |= I2C_CR2_STOP;
      000249 C6 52 11         [ 1]  456 	ld	a, 0x5211
                                    457 ;	C:\Users\disan\.platformio\packages\framework-ststm8spl\Libraries\STM8S_StdPeriph_Driver\src\stm8s_i2c.c: 280: if (NewState != DISABLE)
      00024C 0D 01            [ 1]  458 	tnz	(0x01, sp)
      00024E 27 07            [ 1]  459 	jreq	00102$
                                    460 ;	C:\Users\disan\.platformio\packages\framework-ststm8spl\Libraries\STM8S_StdPeriph_Driver\src\stm8s_i2c.c: 283: I2C->CR2 |= I2C_CR2_STOP;
      000250 AA 02            [ 1]  461 	or	a, #0x02
      000252 C7 52 11         [ 1]  462 	ld	0x5211, a
      000255 20 05            [ 2]  463 	jra	00104$
      000257                        464 00102$:
                                    465 ;	C:\Users\disan\.platformio\packages\framework-ststm8spl\Libraries\STM8S_StdPeriph_Driver\src\stm8s_i2c.c: 288: I2C->CR2 &= (uint8_t)(~I2C_CR2_STOP);
      000257 A4 FD            [ 1]  466 	and	a, #0xfd
      000259 C7 52 11         [ 1]  467 	ld	0x5211, a
      00025C                        468 00104$:
                                    469 ;	C:\Users\disan\.platformio\packages\framework-ststm8spl\Libraries\STM8S_StdPeriph_Driver\src\stm8s_i2c.c: 290: }
      00025C 84               [ 1]  470 	pop	a
      00025D 81               [ 4]  471 	ret
                                    472 ;	C:\Users\disan\.platformio\packages\framework-ststm8spl\Libraries\STM8S_StdPeriph_Driver\src\stm8s_i2c.c: 351: void I2C_AcknowledgeConfig(I2C_Ack_TypeDef Ack)
                                    473 ;	-----------------------------------------
                                    474 ;	 function I2C_AcknowledgeConfig
                                    475 ;	-----------------------------------------
      00025E                        476 _I2C_AcknowledgeConfig:
                                    477 ;	C:\Users\disan\.platformio\packages\framework-ststm8spl\Libraries\STM8S_StdPeriph_Driver\src\stm8s_i2c.c: 354: assert_param(IS_I2C_ACK_OK(Ack));
      00025E 97               [ 1]  478 	ld	xl, a
      00025F 4A               [ 1]  479 	dec	a
      000260 26 05            [ 1]  480 	jrne	00143$
      000262 A6 01            [ 1]  481 	ld	a, #0x01
      000264 95               [ 1]  482 	ld	xh, a
      000265 20 02            [ 2]  483 	jra	00144$
      000267                        484 00143$:
      000267 4F               [ 1]  485 	clr	a
      000268 95               [ 1]  486 	ld	xh, a
      000269                        487 00144$:
      000269 9F               [ 1]  488 	ld	a, xl
      00026A 4D               [ 1]  489 	tnz	a
      00026B 27 19            [ 1]  490 	jreq	00110$
      00026D 9E               [ 1]  491 	ld	a, xh
      00026E 4D               [ 1]  492 	tnz	a
      00026F 26 15            [ 1]  493 	jrne	00110$
      000271 9F               [ 1]  494 	ld	a, xl
      000272 A1 02            [ 1]  495 	cp	a, #0x02
      000274 27 10            [ 1]  496 	jreq	00110$
      000276 89               [ 2]  497 	pushw	x
      000277 4B 62            [ 1]  498 	push	#0x62
      000279 4B 01            [ 1]  499 	push	#0x01
      00027B 4B 00            [ 1]  500 	push	#0x00
      00027D 4B 00            [ 1]  501 	push	#0x00
      00027F AEr00r00         [ 2]  502 	ldw	x, #(___str_0+0)
      000282 CDr00r00         [ 4]  503 	call	_assert_failed
      000285 85               [ 2]  504 	popw	x
      000286                        505 00110$:
                                    506 ;	C:\Users\disan\.platformio\packages\framework-ststm8spl\Libraries\STM8S_StdPeriph_Driver\src\stm8s_i2c.c: 359: I2C->CR2 &= (uint8_t)(~I2C_CR2_ACK);
      000286 C6 52 11         [ 1]  507 	ld	a, 0x5211
                                    508 ;	C:\Users\disan\.platformio\packages\framework-ststm8spl\Libraries\STM8S_StdPeriph_Driver\src\stm8s_i2c.c: 356: if (Ack == I2C_ACK_NONE)
      000289 41               [ 1]  509 	exg	a, xl
      00028A 4D               [ 1]  510 	tnz	a
      00028B 41               [ 1]  511 	exg	a, xl
      00028C 26 06            [ 1]  512 	jrne	00105$
                                    513 ;	C:\Users\disan\.platformio\packages\framework-ststm8spl\Libraries\STM8S_StdPeriph_Driver\src\stm8s_i2c.c: 359: I2C->CR2 &= (uint8_t)(~I2C_CR2_ACK);
      00028E A4 FB            [ 1]  514 	and	a, #0xfb
      000290 C7 52 11         [ 1]  515 	ld	0x5211, a
      000293 81               [ 4]  516 	ret
      000294                        517 00105$:
                                    518 ;	C:\Users\disan\.platformio\packages\framework-ststm8spl\Libraries\STM8S_StdPeriph_Driver\src\stm8s_i2c.c: 364: I2C->CR2 |= I2C_CR2_ACK;
      000294 AA 04            [ 1]  519 	or	a, #0x04
      000296 C7 52 11         [ 1]  520 	ld	0x5211, a
                                    521 ;	C:\Users\disan\.platformio\packages\framework-ststm8spl\Libraries\STM8S_StdPeriph_Driver\src\stm8s_i2c.c: 359: I2C->CR2 &= (uint8_t)(~I2C_CR2_ACK);
      000299 C6 52 11         [ 1]  522 	ld	a, 0x5211
                                    523 ;	C:\Users\disan\.platformio\packages\framework-ststm8spl\Libraries\STM8S_StdPeriph_Driver\src\stm8s_i2c.c: 366: if (Ack == I2C_ACK_CURR)
      00029C 88               [ 1]  524 	push	a
      00029D 9E               [ 1]  525 	ld	a, xh
      00029E 4D               [ 1]  526 	tnz	a
      00029F 84               [ 1]  527 	pop	a
      0002A0 27 06            [ 1]  528 	jreq	00102$
                                    529 ;	C:\Users\disan\.platformio\packages\framework-ststm8spl\Libraries\STM8S_StdPeriph_Driver\src\stm8s_i2c.c: 369: I2C->CR2 &= (uint8_t)(~I2C_CR2_POS);
      0002A2 A4 F7            [ 1]  530 	and	a, #0xf7
      0002A4 C7 52 11         [ 1]  531 	ld	0x5211, a
      0002A7 81               [ 4]  532 	ret
      0002A8                        533 00102$:
                                    534 ;	C:\Users\disan\.platformio\packages\framework-ststm8spl\Libraries\STM8S_StdPeriph_Driver\src\stm8s_i2c.c: 374: I2C->CR2 |= I2C_CR2_POS;
      0002A8 AA 08            [ 1]  535 	or	a, #0x08
      0002AA C7 52 11         [ 1]  536 	ld	0x5211, a
                                    537 ;	C:\Users\disan\.platformio\packages\framework-ststm8spl\Libraries\STM8S_StdPeriph_Driver\src\stm8s_i2c.c: 377: }
      0002AD 81               [ 4]  538 	ret
                                    539 ;	C:\Users\disan\.platformio\packages\framework-ststm8spl\Libraries\STM8S_StdPeriph_Driver\src\stm8s_i2c.c: 437: uint8_t I2C_ReceiveData(void)
                                    540 ;	-----------------------------------------
                                    541 ;	 function I2C_ReceiveData
                                    542 ;	-----------------------------------------
      0002AE                        543 _I2C_ReceiveData:
                                    544 ;	C:\Users\disan\.platformio\packages\framework-ststm8spl\Libraries\STM8S_StdPeriph_Driver\src\stm8s_i2c.c: 440: return ((uint8_t)I2C->DR);
      0002AE C6 52 16         [ 1]  545 	ld	a, 0x5216
                                    546 ;	C:\Users\disan\.platformio\packages\framework-ststm8spl\Libraries\STM8S_StdPeriph_Driver\src\stm8s_i2c.c: 441: }
      0002B1 81               [ 4]  547 	ret
                                    548 ;	C:\Users\disan\.platformio\packages\framework-ststm8spl\Libraries\STM8S_StdPeriph_Driver\src\stm8s_i2c.c: 450: void I2C_Send7bitAddress(uint8_t Address, I2C_Direction_TypeDef Direction)
                                    549 ;	-----------------------------------------
                                    550 ;	 function I2C_Send7bitAddress
                                    551 ;	-----------------------------------------
      0002B2                        552 _I2C_Send7bitAddress:
      0002B2 88               [ 1]  553 	push	a
                                    554 ;	C:\Users\disan\.platformio\packages\framework-ststm8spl\Libraries\STM8S_StdPeriph_Driver\src\stm8s_i2c.c: 453: assert_param(IS_I2C_ADDRESS_OK(Address));
      0002B3 6B 01            [ 1]  555 	ld	(0x01, sp), a
      0002B5 44               [ 1]  556 	srl	a
      0002B6 24 0C            [ 1]  557 	jrnc	00104$
      0002B8 4B C5            [ 1]  558 	push	#0xc5
      0002BA 4B 01            [ 1]  559 	push	#0x01
      0002BC 5F               [ 1]  560 	clrw	x
      0002BD 89               [ 2]  561 	pushw	x
      0002BE AEr00r00         [ 2]  562 	ldw	x, #(___str_0+0)
      0002C1 CDr00r00         [ 4]  563 	call	_assert_failed
      0002C4                        564 00104$:
                                    565 ;	C:\Users\disan\.platformio\packages\framework-ststm8spl\Libraries\STM8S_StdPeriph_Driver\src\stm8s_i2c.c: 454: assert_param(IS_I2C_DIRECTION_OK(Direction));
      0002C4 0D 04            [ 1]  566 	tnz	(0x04, sp)
      0002C6 27 11            [ 1]  567 	jreq	00106$
      0002C8 7B 04            [ 1]  568 	ld	a, (0x04, sp)
      0002CA 4A               [ 1]  569 	dec	a
      0002CB 27 0C            [ 1]  570 	jreq	00106$
      0002CD 4B C6            [ 1]  571 	push	#0xc6
      0002CF 4B 01            [ 1]  572 	push	#0x01
      0002D1 5F               [ 1]  573 	clrw	x
      0002D2 89               [ 2]  574 	pushw	x
      0002D3 AEr00r00         [ 2]  575 	ldw	x, #(___str_0+0)
      0002D6 CDr00r00         [ 4]  576 	call	_assert_failed
      0002D9                        577 00106$:
                                    578 ;	C:\Users\disan\.platformio\packages\framework-ststm8spl\Libraries\STM8S_StdPeriph_Driver\src\stm8s_i2c.c: 457: Address &= (uint8_t)0xFE;
      0002D9 7B 01            [ 1]  579 	ld	a, (0x01, sp)
      0002DB A4 FE            [ 1]  580 	and	a, #0xfe
                                    581 ;	C:\Users\disan\.platformio\packages\framework-ststm8spl\Libraries\STM8S_StdPeriph_Driver\src\stm8s_i2c.c: 460: I2C->DR = (uint8_t)(Address | (uint8_t)Direction);
      0002DD 1A 04            [ 1]  582 	or	a, (0x04, sp)
      0002DF C7 52 16         [ 1]  583 	ld	0x5216, a
                                    584 ;	C:\Users\disan\.platformio\packages\framework-ststm8spl\Libraries\STM8S_StdPeriph_Driver\src\stm8s_i2c.c: 461: }
      0002E2 84               [ 1]  585 	pop	a
      0002E3 85               [ 2]  586 	popw	x
      0002E4 84               [ 1]  587 	pop	a
      0002E5 FC               [ 2]  588 	jp	(x)
                                    589 ;	C:\Users\disan\.platformio\packages\framework-ststm8spl\Libraries\STM8S_StdPeriph_Driver\src\stm8s_i2c.c: 468: void I2C_SendData(uint8_t Data)
                                    590 ;	-----------------------------------------
                                    591 ;	 function I2C_SendData
                                    592 ;	-----------------------------------------
      0002E6                        593 _I2C_SendData:
                                    594 ;	C:\Users\disan\.platformio\packages\framework-ststm8spl\Libraries\STM8S_StdPeriph_Driver\src\stm8s_i2c.c: 471: I2C->DR = Data;
      0002E6 C7 52 16         [ 1]  595 	ld	0x5216, a
                                    596 ;	C:\Users\disan\.platformio\packages\framework-ststm8spl\Libraries\STM8S_StdPeriph_Driver\src\stm8s_i2c.c: 472: }
      0002E9 81               [ 4]  597 	ret
                                    598 ;	C:\Users\disan\.platformio\packages\framework-ststm8spl\Libraries\STM8S_StdPeriph_Driver\src\stm8s_i2c.c: 588: ErrorStatus I2C_CheckEvent(I2C_Event_TypeDef I2C_Event)
                                    599 ;	-----------------------------------------
                                    600 ;	 function I2C_CheckEvent
                                    601 ;	-----------------------------------------
      0002EA                        602 _I2C_CheckEvent:
      0002EA 52 06            [ 2]  603 	sub	sp, #6
                                    604 ;	C:\Users\disan\.platformio\packages\framework-ststm8spl\Libraries\STM8S_StdPeriph_Driver\src\stm8s_i2c.c: 590: __IO uint16_t lastevent = 0x00;
      0002EC 0F 02            [ 1]  605 	clr	(0x02, sp)
      0002EE 0F 01            [ 1]  606 	clr	(0x01, sp)
                                    607 ;	C:\Users\disan\.platformio\packages\framework-ststm8spl\Libraries\STM8S_StdPeriph_Driver\src\stm8s_i2c.c: 596: assert_param(IS_I2C_EVENT_OK(I2C_Event));
      0002F0 A3 00 04         [ 2]  608 	cpw	x, #0x0004
      0002F3 26 03            [ 1]  609 	jrne	00247$
      0002F5 A6 01            [ 1]  610 	ld	a, #0x01
      0002F7 21                     611 	.byte 0x21
      0002F8                        612 00247$:
      0002F8 4F               [ 1]  613 	clr	a
      0002F9                        614 00248$:
      0002F9 A3 06 82         [ 2]  615 	cpw	x, #0x0682
      0002FC 27 5B            [ 1]  616 	jreq	00110$
      0002FE A3 02 02         [ 2]  617 	cpw	x, #0x0202
      000301 27 56            [ 1]  618 	jreq	00110$
      000303 A3 12 00         [ 2]  619 	cpw	x, #0x1200
      000306 27 51            [ 1]  620 	jreq	00110$
      000308 A3 02 40         [ 2]  621 	cpw	x, #0x0240
      00030B 27 4C            [ 1]  622 	jreq	00110$
      00030D A3 03 50         [ 2]  623 	cpw	x, #0x0350
      000310 27 47            [ 1]  624 	jreq	00110$
      000312 A3 06 84         [ 2]  625 	cpw	x, #0x0684
      000315 27 42            [ 1]  626 	jreq	00110$
      000317 A3 07 94         [ 2]  627 	cpw	x, #0x0794
      00031A 27 3D            [ 1]  628 	jreq	00110$
      00031C 4D               [ 1]  629 	tnz	a
      00031D 26 3A            [ 1]  630 	jrne	00110$
      00031F A3 00 10         [ 2]  631 	cpw	x, #0x0010
      000322 27 35            [ 1]  632 	jreq	00110$
      000324 A3 03 01         [ 2]  633 	cpw	x, #0x0301
      000327 27 30            [ 1]  634 	jreq	00110$
      000329 A3 07 82         [ 2]  635 	cpw	x, #0x0782
      00032C 27 2B            [ 1]  636 	jreq	00110$
      00032E A3 03 02         [ 2]  637 	cpw	x, #0x0302
      000331 27 26            [ 1]  638 	jreq	00110$
      000333 A3 03 40         [ 2]  639 	cpw	x, #0x0340
      000336 27 21            [ 1]  640 	jreq	00110$
      000338 A3 07 84         [ 2]  641 	cpw	x, #0x0784
      00033B 27 1C            [ 1]  642 	jreq	00110$
      00033D A3 07 80         [ 2]  643 	cpw	x, #0x0780
      000340 27 17            [ 1]  644 	jreq	00110$
      000342 A3 03 08         [ 2]  645 	cpw	x, #0x0308
      000345 27 12            [ 1]  646 	jreq	00110$
      000347 88               [ 1]  647 	push	a
      000348 89               [ 2]  648 	pushw	x
      000349 4B 54            [ 1]  649 	push	#0x54
      00034B 4B 02            [ 1]  650 	push	#0x02
      00034D 4B 00            [ 1]  651 	push	#0x00
      00034F 4B 00            [ 1]  652 	push	#0x00
      000351 AEr00r00         [ 2]  653 	ldw	x, #(___str_0+0)
      000354 CDr00r00         [ 4]  654 	call	_assert_failed
      000357 85               [ 2]  655 	popw	x
      000358 84               [ 1]  656 	pop	a
      000359                        657 00110$:
                                    658 ;	C:\Users\disan\.platformio\packages\framework-ststm8spl\Libraries\STM8S_StdPeriph_Driver\src\stm8s_i2c.c: 598: if (I2C_Event == I2C_EVENT_SLAVE_ACK_FAILURE)
      000359 4D               [ 1]  659 	tnz	a
      00035A 27 0D            [ 1]  660 	jreq	00102$
                                    661 ;	C:\Users\disan\.platformio\packages\framework-ststm8spl\Libraries\STM8S_StdPeriph_Driver\src\stm8s_i2c.c: 600: lastevent = I2C->SR2 & I2C_SR2_AF;
      00035C C6 52 18         [ 1]  662 	ld	a, 0x5218
      00035F A4 04            [ 1]  663 	and	a, #0x04
      000361 90 5F            [ 1]  664 	clrw	y
      000363 90 97            [ 1]  665 	ld	yl, a
      000365 17 01            [ 2]  666 	ldw	(0x01, sp), y
      000367 20 1A            [ 2]  667 	jra	00103$
      000369                        668 00102$:
                                    669 ;	C:\Users\disan\.platformio\packages\framework-ststm8spl\Libraries\STM8S_StdPeriph_Driver\src\stm8s_i2c.c: 604: flag1 = I2C->SR1;
      000369 C6 52 17         [ 1]  670 	ld	a, 0x5217
      00036C 6B 06            [ 1]  671 	ld	(0x06, sp), a
                                    672 ;	C:\Users\disan\.platformio\packages\framework-ststm8spl\Libraries\STM8S_StdPeriph_Driver\src\stm8s_i2c.c: 605: flag2 = I2C->SR3;
      00036E C6 52 19         [ 1]  673 	ld	a, 0x5219
                                    674 ;	C:\Users\disan\.platformio\packages\framework-ststm8spl\Libraries\STM8S_StdPeriph_Driver\src\stm8s_i2c.c: 606: lastevent = ((uint16_t)((uint16_t)flag2 << (uint16_t)8) | (uint16_t)flag1);
      000371 90 95            [ 1]  675 	ld	yh, a
      000373 0F 04            [ 1]  676 	clr	(0x04, sp)
      000375 7B 06            [ 1]  677 	ld	a, (0x06, sp)
      000377 0F 05            [ 1]  678 	clr	(0x05, sp)
      000379 1A 04            [ 1]  679 	or	a, (0x04, sp)
      00037B 90 02            [ 1]  680 	rlwa	y
      00037D 1A 05            [ 1]  681 	or	a, (0x05, sp)
      00037F 90 95            [ 1]  682 	ld	yh, a
      000381 17 01            [ 2]  683 	ldw	(0x01, sp), y
      000383                        684 00103$:
                                    685 ;	C:\Users\disan\.platformio\packages\framework-ststm8spl\Libraries\STM8S_StdPeriph_Driver\src\stm8s_i2c.c: 609: if (((uint16_t)lastevent & (uint16_t)I2C_Event) == (uint16_t)I2C_Event)
      000383 9F               [ 1]  686 	ld	a, xl
      000384 14 02            [ 1]  687 	and	a, (0x02, sp)
      000386 6B 06            [ 1]  688 	ld	(0x06, sp), a
      000388 9E               [ 1]  689 	ld	a, xh
      000389 14 01            [ 1]  690 	and	a, (0x01, sp)
      00038B 6B 05            [ 1]  691 	ld	(0x05, sp), a
      00038D 13 05            [ 2]  692 	cpw	x, (0x05, sp)
      00038F 26 03            [ 1]  693 	jrne	00105$
                                    694 ;	C:\Users\disan\.platformio\packages\framework-ststm8spl\Libraries\STM8S_StdPeriph_Driver\src\stm8s_i2c.c: 612: status = SUCCESS;
      000391 A6 01            [ 1]  695 	ld	a, #0x01
                                    696 ;	C:\Users\disan\.platformio\packages\framework-ststm8spl\Libraries\STM8S_StdPeriph_Driver\src\stm8s_i2c.c: 617: status = ERROR;
      000393 21                     697 	.byte 0x21
      000394                        698 00105$:
      000394 4F               [ 1]  699 	clr	a
      000395                        700 00106$:
                                    701 ;	C:\Users\disan\.platformio\packages\framework-ststm8spl\Libraries\STM8S_StdPeriph_Driver\src\stm8s_i2c.c: 621: return status;
                                    702 ;	C:\Users\disan\.platformio\packages\framework-ststm8spl\Libraries\STM8S_StdPeriph_Driver\src\stm8s_i2c.c: 622: }
      000395 5B 06            [ 2]  703 	addw	sp, #6
      000397 81               [ 4]  704 	ret
                                    705 ;	C:\Users\disan\.platformio\packages\framework-ststm8spl\Libraries\STM8S_StdPeriph_Driver\src\stm8s_i2c.c: 691: FlagStatus I2C_GetFlagStatus(I2C_Flag_TypeDef I2C_Flag)
                                    706 ;	-----------------------------------------
                                    707 ;	 function I2C_GetFlagStatus
                                    708 ;	-----------------------------------------
      000398                        709 _I2C_GetFlagStatus:
      000398 52 03            [ 2]  710 	sub	sp, #3
      00039A 1F 02            [ 2]  711 	ldw	(0x02, sp), x
                                    712 ;	C:\Users\disan\.platformio\packages\framework-ststm8spl\Libraries\STM8S_StdPeriph_Driver\src\stm8s_i2c.c: 693: uint8_t tempreg = 0;
      00039C 0F 01            [ 1]  713 	clr	(0x01, sp)
                                    714 ;	C:\Users\disan\.platformio\packages\framework-ststm8spl\Libraries\STM8S_StdPeriph_Driver\src\stm8s_i2c.c: 698: assert_param(IS_I2C_FLAG_OK(I2C_Flag));
      00039E 1E 02            [ 2]  715 	ldw	x, (0x02, sp)
      0003A0 A3 01 80         [ 2]  716 	cpw	x, #0x0180
      0003A3 27 5B            [ 1]  717 	jreq	00112$
      0003A5 A3 01 40         [ 2]  718 	cpw	x, #0x0140
      0003A8 27 56            [ 1]  719 	jreq	00112$
      0003AA A3 01 10         [ 2]  720 	cpw	x, #0x0110
      0003AD 27 51            [ 1]  721 	jreq	00112$
      0003AF A3 01 08         [ 2]  722 	cpw	x, #0x0108
      0003B2 27 4C            [ 1]  723 	jreq	00112$
      0003B4 A3 01 04         [ 2]  724 	cpw	x, #0x0104
      0003B7 27 47            [ 1]  725 	jreq	00112$
      0003B9 A3 01 02         [ 2]  726 	cpw	x, #0x0102
      0003BC 27 42            [ 1]  727 	jreq	00112$
      0003BE A3 01 01         [ 2]  728 	cpw	x, #0x0101
      0003C1 27 3D            [ 1]  729 	jreq	00112$
      0003C3 A3 02 20         [ 2]  730 	cpw	x, #0x0220
      0003C6 27 38            [ 1]  731 	jreq	00112$
      0003C8 A3 02 08         [ 2]  732 	cpw	x, #0x0208
      0003CB 27 33            [ 1]  733 	jreq	00112$
      0003CD A3 02 04         [ 2]  734 	cpw	x, #0x0204
      0003D0 27 2E            [ 1]  735 	jreq	00112$
      0003D2 A3 02 02         [ 2]  736 	cpw	x, #0x0202
      0003D5 27 29            [ 1]  737 	jreq	00112$
      0003D7 A3 02 01         [ 2]  738 	cpw	x, #0x0201
      0003DA 27 24            [ 1]  739 	jreq	00112$
      0003DC A3 03 10         [ 2]  740 	cpw	x, #0x0310
      0003DF 27 1F            [ 1]  741 	jreq	00112$
      0003E1 A3 03 04         [ 2]  742 	cpw	x, #0x0304
      0003E4 27 1A            [ 1]  743 	jreq	00112$
      0003E6 A3 03 02         [ 2]  744 	cpw	x, #0x0302
      0003E9 27 15            [ 1]  745 	jreq	00112$
      0003EB A3 03 01         [ 2]  746 	cpw	x, #0x0301
      0003EE 27 10            [ 1]  747 	jreq	00112$
      0003F0 89               [ 2]  748 	pushw	x
      0003F1 4B BA            [ 1]  749 	push	#0xba
      0003F3 4B 02            [ 1]  750 	push	#0x02
      0003F5 4B 00            [ 1]  751 	push	#0x00
      0003F7 4B 00            [ 1]  752 	push	#0x00
      0003F9 AEr00r00         [ 2]  753 	ldw	x, #(___str_0+0)
      0003FC CDr00r00         [ 4]  754 	call	_assert_failed
      0003FF 85               [ 2]  755 	popw	x
      000400                        756 00112$:
                                    757 ;	C:\Users\disan\.platformio\packages\framework-ststm8spl\Libraries\STM8S_StdPeriph_Driver\src\stm8s_i2c.c: 701: regindex = (uint8_t)((uint16_t)I2C_Flag >> 8);
      000400 9E               [ 1]  758 	ld	a, xh
                                    759 ;	C:\Users\disan\.platformio\packages\framework-ststm8spl\Libraries\STM8S_StdPeriph_Driver\src\stm8s_i2c.c: 703: switch (regindex)
      000401 A1 01            [ 1]  760 	cp	a, #0x01
      000403 27 0A            [ 1]  761 	jreq	00101$
      000405 A1 02            [ 1]  762 	cp	a, #0x02
      000407 27 0D            [ 1]  763 	jreq	00102$
      000409 A1 03            [ 1]  764 	cp	a, #0x03
      00040B 27 10            [ 1]  765 	jreq	00103$
      00040D 20 13            [ 2]  766 	jra	00105$
                                    767 ;	C:\Users\disan\.platformio\packages\framework-ststm8spl\Libraries\STM8S_StdPeriph_Driver\src\stm8s_i2c.c: 706: case 0x01:
      00040F                        768 00101$:
                                    769 ;	C:\Users\disan\.platformio\packages\framework-ststm8spl\Libraries\STM8S_StdPeriph_Driver\src\stm8s_i2c.c: 707: tempreg = (uint8_t)I2C->SR1;
      00040F C6 52 17         [ 1]  770 	ld	a, 0x5217
      000412 6B 01            [ 1]  771 	ld	(0x01, sp), a
                                    772 ;	C:\Users\disan\.platformio\packages\framework-ststm8spl\Libraries\STM8S_StdPeriph_Driver\src\stm8s_i2c.c: 708: break;
      000414 20 0C            [ 2]  773 	jra	00105$
                                    774 ;	C:\Users\disan\.platformio\packages\framework-ststm8spl\Libraries\STM8S_StdPeriph_Driver\src\stm8s_i2c.c: 711: case 0x02:
      000416                        775 00102$:
                                    776 ;	C:\Users\disan\.platformio\packages\framework-ststm8spl\Libraries\STM8S_StdPeriph_Driver\src\stm8s_i2c.c: 712: tempreg = (uint8_t)I2C->SR2;
      000416 C6 52 18         [ 1]  777 	ld	a, 0x5218
      000419 6B 01            [ 1]  778 	ld	(0x01, sp), a
                                    779 ;	C:\Users\disan\.platformio\packages\framework-ststm8spl\Libraries\STM8S_StdPeriph_Driver\src\stm8s_i2c.c: 713: break;
      00041B 20 05            [ 2]  780 	jra	00105$
                                    781 ;	C:\Users\disan\.platformio\packages\framework-ststm8spl\Libraries\STM8S_StdPeriph_Driver\src\stm8s_i2c.c: 716: case 0x03:
      00041D                        782 00103$:
                                    783 ;	C:\Users\disan\.platformio\packages\framework-ststm8spl\Libraries\STM8S_StdPeriph_Driver\src\stm8s_i2c.c: 717: tempreg = (uint8_t)I2C->SR3;
      00041D C6 52 19         [ 1]  784 	ld	a, 0x5219
      000420 6B 01            [ 1]  785 	ld	(0x01, sp), a
                                    786 ;	C:\Users\disan\.platformio\packages\framework-ststm8spl\Libraries\STM8S_StdPeriph_Driver\src\stm8s_i2c.c: 722: }
      000422                        787 00105$:
                                    788 ;	C:\Users\disan\.platformio\packages\framework-ststm8spl\Libraries\STM8S_StdPeriph_Driver\src\stm8s_i2c.c: 725: if ((tempreg & (uint8_t)I2C_Flag ) != 0)
      000422 7B 03            [ 1]  789 	ld	a, (0x03, sp)
      000424 14 01            [ 1]  790 	and	a, (0x01, sp)
      000426 27 03            [ 1]  791 	jreq	00107$
                                    792 ;	C:\Users\disan\.platformio\packages\framework-ststm8spl\Libraries\STM8S_StdPeriph_Driver\src\stm8s_i2c.c: 728: bitstatus = SET;
      000428 A6 01            [ 1]  793 	ld	a, #0x01
                                    794 ;	C:\Users\disan\.platformio\packages\framework-ststm8spl\Libraries\STM8S_StdPeriph_Driver\src\stm8s_i2c.c: 733: bitstatus = RESET;
      00042A 21                     795 	.byte 0x21
      00042B                        796 00107$:
      00042B 4F               [ 1]  797 	clr	a
      00042C                        798 00108$:
                                    799 ;	C:\Users\disan\.platformio\packages\framework-ststm8spl\Libraries\STM8S_StdPeriph_Driver\src\stm8s_i2c.c: 736: return bitstatus;
                                    800 ;	C:\Users\disan\.platformio\packages\framework-ststm8spl\Libraries\STM8S_StdPeriph_Driver\src\stm8s_i2c.c: 737: }
      00042C 5B 03            [ 2]  801 	addw	sp, #3
      00042E 81               [ 4]  802 	ret
                                    803 	.area CODE
                                    804 	.area CONST
                                    805 	.area CONST
      000000                        806 ___str_0:
      000000 43 3A                  807 	.ascii "C:"
      000002 5C                     808 	.db 0x5c
      000003 55 73 65 72 73         809 	.ascii "Users"
      000008 5C                     810 	.db 0x5c
      000009 64 69 73 61 6E         811 	.ascii "disan"
      00000E 5C                     812 	.db 0x5c
      00000F 2E 70 6C 61 74 66 6F   813 	.ascii ".platformio"
             72 6D 69 6F
      00001A 5C                     814 	.db 0x5c
      00001B 70 61 63 6B 61 67 65   815 	.ascii "packages"
             73
      000023 5C                     816 	.db 0x5c
      000024 66 72 61 6D 65 77 6F   817 	.ascii "framework-ststm8spl"
             72 6B 2D 73 74 73 74
             6D 38 73 70 6C
      000037 5C                     818 	.db 0x5c
      000038 4C 69 62 72 61 72 69   819 	.ascii "Libraries"
             65 73
      000041 5C                     820 	.db 0x5c
      000042 53 54 4D 38 53 5F 53   821 	.ascii "STM8S_StdPeriph_Driver"
             74 64 50 65 72 69 70
             68 5F 44 72 69 76 65
             72
      000058 5C                     822 	.db 0x5c
      000059 73 72 63               823 	.ascii "src"
      00005C 5C                     824 	.db 0x5c
      00005D 73 74 6D 38 73 5F 69   825 	.ascii "stm8s_i2c.c"
             32 63 2E 63
      000068 00                     826 	.db 0x00
                                    827 	.area CODE
                                    828 	.area INITIALIZER
                                    829 	.area CABS (ABS)
