                                      1 ;--------------------------------------------------------
                                      2 ; File Created by SDCC : free open source ANSI-C Compiler
                                      3 ; Version 4.2.0 #13081 (MINGW64)
                                      4 ;--------------------------------------------------------
                                      5 	.module stm8s_gpio
                                      6 	.optsdcc -mstm8
                                      7 	
                                      8 ;--------------------------------------------------------
                                      9 ; Public variables in this module
                                     10 ;--------------------------------------------------------
                                     11 	.globl _assert_failed
                                     12 	.globl _GPIO_DeInit
                                     13 	.globl _GPIO_Init
                                     14 	.globl _GPIO_Write
                                     15 	.globl _GPIO_WriteHigh
                                     16 	.globl _GPIO_WriteLow
                                     17 	.globl _GPIO_ReadInputPin
                                     18 ;--------------------------------------------------------
                                     19 ; ram data
                                     20 ;--------------------------------------------------------
                                     21 	.area DATA
                                     22 ;--------------------------------------------------------
                                     23 ; ram data
                                     24 ;--------------------------------------------------------
                                     25 	.area INITIALIZED
                                     26 ;--------------------------------------------------------
                                     27 ; absolute external ram data
                                     28 ;--------------------------------------------------------
                                     29 	.area DABS (ABS)
                                     30 
                                     31 ; default segment ordering for linker
                                     32 	.area HOME
                                     33 	.area GSINIT
                                     34 	.area GSFINAL
                                     35 	.area CONST
                                     36 	.area INITIALIZER
                                     37 	.area CODE
                                     38 
                                     39 ;--------------------------------------------------------
                                     40 ; global & static initialisations
                                     41 ;--------------------------------------------------------
                                     42 	.area HOME
                                     43 	.area GSINIT
                                     44 	.area GSFINAL
                                     45 	.area GSINIT
                                     46 ;--------------------------------------------------------
                                     47 ; Home
                                     48 ;--------------------------------------------------------
                                     49 	.area HOME
                                     50 	.area HOME
                                     51 ;--------------------------------------------------------
                                     52 ; code
                                     53 ;--------------------------------------------------------
                                     54 	.area CODE
                                     55 ;	C:\Users\disan\.platformio\packages\framework-ststm8spl\Libraries\STM8S_StdPeriph_Driver\src\stm8s_gpio.c: 53: void GPIO_DeInit(GPIO_TypeDef* GPIOx)
                                     56 ;	-----------------------------------------
                                     57 ;	 function GPIO_DeInit
                                     58 ;	-----------------------------------------
      000000                         59 _GPIO_DeInit:
      000000 51               [ 1]   60 	exgw	x, y
                                     61 ;	C:\Users\disan\.platformio\packages\framework-ststm8spl\Libraries\STM8S_StdPeriph_Driver\src\stm8s_gpio.c: 55: GPIOx->ODR = GPIO_ODR_RESET_VALUE; /* Reset Output Data Register */
      000001 90 7F            [ 1]   62 	clr	(y)
                                     63 ;	C:\Users\disan\.platformio\packages\framework-ststm8spl\Libraries\STM8S_StdPeriph_Driver\src\stm8s_gpio.c: 56: GPIOx->DDR = GPIO_DDR_RESET_VALUE; /* Reset Data Direction Register */
      000003 93               [ 1]   64 	ldw	x, y
      000004 5C               [ 1]   65 	incw	x
      000005 5C               [ 1]   66 	incw	x
      000006 7F               [ 1]   67 	clr	(x)
                                     68 ;	C:\Users\disan\.platformio\packages\framework-ststm8spl\Libraries\STM8S_StdPeriph_Driver\src\stm8s_gpio.c: 57: GPIOx->CR1 = GPIO_CR1_RESET_VALUE; /* Reset Control Register 1 */
      000007 93               [ 1]   69 	ldw	x, y
      000008 6F 03            [ 1]   70 	clr	(0x0003, x)
                                     71 ;	C:\Users\disan\.platformio\packages\framework-ststm8spl\Libraries\STM8S_StdPeriph_Driver\src\stm8s_gpio.c: 58: GPIOx->CR2 = GPIO_CR2_RESET_VALUE; /* Reset Control Register 2 */
      00000A 93               [ 1]   72 	ldw	x, y
      00000B 6F 04            [ 1]   73 	clr	(0x0004, x)
                                     74 ;	C:\Users\disan\.platformio\packages\framework-ststm8spl\Libraries\STM8S_StdPeriph_Driver\src\stm8s_gpio.c: 59: }
      00000D 81               [ 4]   75 	ret
                                     76 ;	C:\Users\disan\.platformio\packages\framework-ststm8spl\Libraries\STM8S_StdPeriph_Driver\src\stm8s_gpio.c: 71: void GPIO_Init(GPIO_TypeDef* GPIOx, GPIO_Pin_TypeDef GPIO_Pin, GPIO_Mode_TypeDef GPIO_Mode)
                                     77 ;	-----------------------------------------
                                     78 ;	 function GPIO_Init
                                     79 ;	-----------------------------------------
      00000E                         80 _GPIO_Init:
      00000E 52 06            [ 2]   81 	sub	sp, #6
      000010 1F 05            [ 2]   82 	ldw	(0x05, sp), x
      000012 6B 04            [ 1]   83 	ld	(0x04, sp), a
                                     84 ;	C:\Users\disan\.platformio\packages\framework-ststm8spl\Libraries\STM8S_StdPeriph_Driver\src\stm8s_gpio.c: 77: assert_param(IS_GPIO_MODE_OK(GPIO_Mode));
      000014 0D 09            [ 1]   85 	tnz	(0x09, sp)
      000016 27 4E            [ 1]   86 	jreq	00116$
      000018 7B 09            [ 1]   87 	ld	a, (0x09, sp)
      00001A A1 40            [ 1]   88 	cp	a, #0x40
      00001C 27 48            [ 1]   89 	jreq	00116$
      00001E 7B 09            [ 1]   90 	ld	a, (0x09, sp)
      000020 A1 20            [ 1]   91 	cp	a, #0x20
      000022 27 42            [ 1]   92 	jreq	00116$
      000024 7B 09            [ 1]   93 	ld	a, (0x09, sp)
      000026 A1 60            [ 1]   94 	cp	a, #0x60
      000028 27 3C            [ 1]   95 	jreq	00116$
      00002A 7B 09            [ 1]   96 	ld	a, (0x09, sp)
      00002C A1 A0            [ 1]   97 	cp	a, #0xa0
      00002E 27 36            [ 1]   98 	jreq	00116$
      000030 7B 09            [ 1]   99 	ld	a, (0x09, sp)
      000032 A1 E0            [ 1]  100 	cp	a, #0xe0
      000034 27 30            [ 1]  101 	jreq	00116$
      000036 7B 09            [ 1]  102 	ld	a, (0x09, sp)
      000038 A1 80            [ 1]  103 	cp	a, #0x80
      00003A 27 2A            [ 1]  104 	jreq	00116$
      00003C 7B 09            [ 1]  105 	ld	a, (0x09, sp)
      00003E A1 C0            [ 1]  106 	cp	a, #0xc0
      000040 27 24            [ 1]  107 	jreq	00116$
      000042 7B 09            [ 1]  108 	ld	a, (0x09, sp)
      000044 A1 B0            [ 1]  109 	cp	a, #0xb0
      000046 27 1E            [ 1]  110 	jreq	00116$
      000048 7B 09            [ 1]  111 	ld	a, (0x09, sp)
      00004A A1 F0            [ 1]  112 	cp	a, #0xf0
      00004C 27 18            [ 1]  113 	jreq	00116$
      00004E 7B 09            [ 1]  114 	ld	a, (0x09, sp)
      000050 A1 90            [ 1]  115 	cp	a, #0x90
      000052 27 12            [ 1]  116 	jreq	00116$
      000054 7B 09            [ 1]  117 	ld	a, (0x09, sp)
      000056 A1 D0            [ 1]  118 	cp	a, #0xd0
      000058 27 0C            [ 1]  119 	jreq	00116$
      00005A 4B 4D            [ 1]  120 	push	#0x4d
      00005C 5F               [ 1]  121 	clrw	x
      00005D 89               [ 2]  122 	pushw	x
      00005E 4B 00            [ 1]  123 	push	#0x00
      000060 AEr00r00         [ 2]  124 	ldw	x, #(___str_0+0)
      000063 CDr00r00         [ 4]  125 	call	_assert_failed
      000066                        126 00116$:
                                    127 ;	C:\Users\disan\.platformio\packages\framework-ststm8spl\Libraries\STM8S_StdPeriph_Driver\src\stm8s_gpio.c: 78: assert_param(IS_GPIO_PIN_OK(GPIO_Pin));
      000066 0D 04            [ 1]  128 	tnz	(0x04, sp)
      000068 26 0C            [ 1]  129 	jrne	00151$
      00006A 4B 4E            [ 1]  130 	push	#0x4e
      00006C 5F               [ 1]  131 	clrw	x
      00006D 89               [ 2]  132 	pushw	x
      00006E 4B 00            [ 1]  133 	push	#0x00
      000070 AEr00r00         [ 2]  134 	ldw	x, #(___str_0+0)
      000073 CDr00r00         [ 4]  135 	call	_assert_failed
      000076                        136 00151$:
                                    137 ;	C:\Users\disan\.platformio\packages\framework-ststm8spl\Libraries\STM8S_StdPeriph_Driver\src\stm8s_gpio.c: 81: GPIOx->CR2 &= (uint8_t)(~(GPIO_Pin));
      000076 1E 05            [ 2]  138 	ldw	x, (0x05, sp)
      000078 1C 00 04         [ 2]  139 	addw	x, #0x0004
      00007B 1F 01            [ 2]  140 	ldw	(0x01, sp), x
      00007D F6               [ 1]  141 	ld	a, (x)
      00007E 88               [ 1]  142 	push	a
      00007F 7B 05            [ 1]  143 	ld	a, (0x05, sp)
      000081 43               [ 1]  144 	cpl	a
      000082 6B 04            [ 1]  145 	ld	(0x04, sp), a
      000084 84               [ 1]  146 	pop	a
      000085 14 03            [ 1]  147 	and	a, (0x03, sp)
      000087 1E 01            [ 2]  148 	ldw	x, (0x01, sp)
      000089 F7               [ 1]  149 	ld	(x), a
                                    150 ;	C:\Users\disan\.platformio\packages\framework-ststm8spl\Libraries\STM8S_StdPeriph_Driver\src\stm8s_gpio.c: 98: GPIOx->DDR |= (uint8_t)GPIO_Pin;
      00008A 1E 05            [ 2]  151 	ldw	x, (0x05, sp)
      00008C 5C               [ 1]  152 	incw	x
      00008D 5C               [ 1]  153 	incw	x
                                    154 ;	C:\Users\disan\.platformio\packages\framework-ststm8spl\Libraries\STM8S_StdPeriph_Driver\src\stm8s_gpio.c: 87: if ((((uint8_t)(GPIO_Mode)) & (uint8_t)0x80) != (uint8_t)0x00) /* Output mode */
      00008E 0D 09            [ 1]  155 	tnz	(0x09, sp)
      000090 2A 20            [ 1]  156 	jrpl	00105$
                                    157 ;	C:\Users\disan\.platformio\packages\framework-ststm8spl\Libraries\STM8S_StdPeriph_Driver\src\stm8s_gpio.c: 91: GPIOx->ODR |= (uint8_t)GPIO_Pin;
      000092 16 05            [ 2]  158 	ldw	y, (0x05, sp)
      000094 90 F6            [ 1]  159 	ld	a, (y)
                                    160 ;	C:\Users\disan\.platformio\packages\framework-ststm8spl\Libraries\STM8S_StdPeriph_Driver\src\stm8s_gpio.c: 89: if ((((uint8_t)(GPIO_Mode)) & (uint8_t)0x10) != (uint8_t)0x00) /* High level */
      000096 88               [ 1]  161 	push	a
      000097 7B 0A            [ 1]  162 	ld	a, (0x0a, sp)
      000099 A5 10            [ 1]  163 	bcp	a, #0x10
      00009B 84               [ 1]  164 	pop	a
      00009C 27 08            [ 1]  165 	jreq	00102$
                                    166 ;	C:\Users\disan\.platformio\packages\framework-ststm8spl\Libraries\STM8S_StdPeriph_Driver\src\stm8s_gpio.c: 91: GPIOx->ODR |= (uint8_t)GPIO_Pin;
      00009E 1A 04            [ 1]  167 	or	a, (0x04, sp)
      0000A0 16 05            [ 2]  168 	ldw	y, (0x05, sp)
      0000A2 90 F7            [ 1]  169 	ld	(y), a
      0000A4 20 06            [ 2]  170 	jra	00103$
      0000A6                        171 00102$:
                                    172 ;	C:\Users\disan\.platformio\packages\framework-ststm8spl\Libraries\STM8S_StdPeriph_Driver\src\stm8s_gpio.c: 95: GPIOx->ODR &= (uint8_t)(~(GPIO_Pin));
      0000A6 14 03            [ 1]  173 	and	a, (0x03, sp)
      0000A8 16 05            [ 2]  174 	ldw	y, (0x05, sp)
      0000AA 90 F7            [ 1]  175 	ld	(y), a
      0000AC                        176 00103$:
                                    177 ;	C:\Users\disan\.platformio\packages\framework-ststm8spl\Libraries\STM8S_StdPeriph_Driver\src\stm8s_gpio.c: 98: GPIOx->DDR |= (uint8_t)GPIO_Pin;
      0000AC F6               [ 1]  178 	ld	a, (x)
      0000AD 1A 04            [ 1]  179 	or	a, (0x04, sp)
      0000AF F7               [ 1]  180 	ld	(x), a
      0000B0 20 04            [ 2]  181 	jra	00106$
      0000B2                        182 00105$:
                                    183 ;	C:\Users\disan\.platformio\packages\framework-ststm8spl\Libraries\STM8S_StdPeriph_Driver\src\stm8s_gpio.c: 103: GPIOx->DDR &= (uint8_t)(~(GPIO_Pin));
      0000B2 F6               [ 1]  184 	ld	a, (x)
      0000B3 14 03            [ 1]  185 	and	a, (0x03, sp)
      0000B5 F7               [ 1]  186 	ld	(x), a
      0000B6                        187 00106$:
                                    188 ;	C:\Users\disan\.platformio\packages\framework-ststm8spl\Libraries\STM8S_StdPeriph_Driver\src\stm8s_gpio.c: 112: GPIOx->CR1 |= (uint8_t)GPIO_Pin;
      0000B6 1E 05            [ 2]  189 	ldw	x, (0x05, sp)
      0000B8 1C 00 03         [ 2]  190 	addw	x, #0x0003
      0000BB F6               [ 1]  191 	ld	a, (x)
                                    192 ;	C:\Users\disan\.platformio\packages\framework-ststm8spl\Libraries\STM8S_StdPeriph_Driver\src\stm8s_gpio.c: 110: if ((((uint8_t)(GPIO_Mode)) & (uint8_t)0x40) != (uint8_t)0x00) /* Pull-Up or Push-Pull */
      0000BC 88               [ 1]  193 	push	a
      0000BD 7B 0A            [ 1]  194 	ld	a, (0x0a, sp)
      0000BF A5 40            [ 1]  195 	bcp	a, #0x40
      0000C1 84               [ 1]  196 	pop	a
      0000C2 27 05            [ 1]  197 	jreq	00108$
                                    198 ;	C:\Users\disan\.platformio\packages\framework-ststm8spl\Libraries\STM8S_StdPeriph_Driver\src\stm8s_gpio.c: 112: GPIOx->CR1 |= (uint8_t)GPIO_Pin;
      0000C4 1A 04            [ 1]  199 	or	a, (0x04, sp)
      0000C6 F7               [ 1]  200 	ld	(x), a
      0000C7 20 03            [ 2]  201 	jra	00109$
      0000C9                        202 00108$:
                                    203 ;	C:\Users\disan\.platformio\packages\framework-ststm8spl\Libraries\STM8S_StdPeriph_Driver\src\stm8s_gpio.c: 116: GPIOx->CR1 &= (uint8_t)(~(GPIO_Pin));
      0000C9 14 03            [ 1]  204 	and	a, (0x03, sp)
      0000CB F7               [ 1]  205 	ld	(x), a
      0000CC                        206 00109$:
                                    207 ;	C:\Users\disan\.platformio\packages\framework-ststm8spl\Libraries\STM8S_StdPeriph_Driver\src\stm8s_gpio.c: 81: GPIOx->CR2 &= (uint8_t)(~(GPIO_Pin));
      0000CC 1E 01            [ 2]  208 	ldw	x, (0x01, sp)
      0000CE F6               [ 1]  209 	ld	a, (x)
                                    210 ;	C:\Users\disan\.platformio\packages\framework-ststm8spl\Libraries\STM8S_StdPeriph_Driver\src\stm8s_gpio.c: 123: if ((((uint8_t)(GPIO_Mode)) & (uint8_t)0x20) != (uint8_t)0x00) /* Interrupt or Slow slope */
      0000CF 88               [ 1]  211 	push	a
      0000D0 7B 0A            [ 1]  212 	ld	a, (0x0a, sp)
      0000D2 A5 20            [ 1]  213 	bcp	a, #0x20
      0000D4 84               [ 1]  214 	pop	a
      0000D5 27 07            [ 1]  215 	jreq	00111$
                                    216 ;	C:\Users\disan\.platformio\packages\framework-ststm8spl\Libraries\STM8S_StdPeriph_Driver\src\stm8s_gpio.c: 125: GPIOx->CR2 |= (uint8_t)GPIO_Pin;
      0000D7 1A 04            [ 1]  217 	or	a, (0x04, sp)
      0000D9 1E 01            [ 2]  218 	ldw	x, (0x01, sp)
      0000DB F7               [ 1]  219 	ld	(x), a
      0000DC 20 05            [ 2]  220 	jra	00113$
      0000DE                        221 00111$:
                                    222 ;	C:\Users\disan\.platformio\packages\framework-ststm8spl\Libraries\STM8S_StdPeriph_Driver\src\stm8s_gpio.c: 129: GPIOx->CR2 &= (uint8_t)(~(GPIO_Pin));
      0000DE 14 03            [ 1]  223 	and	a, (0x03, sp)
      0000E0 1E 01            [ 2]  224 	ldw	x, (0x01, sp)
      0000E2 F7               [ 1]  225 	ld	(x), a
      0000E3                        226 00113$:
                                    227 ;	C:\Users\disan\.platformio\packages\framework-ststm8spl\Libraries\STM8S_StdPeriph_Driver\src\stm8s_gpio.c: 131: }
      0000E3 5B 06            [ 2]  228 	addw	sp, #6
      0000E5 85               [ 2]  229 	popw	x
      0000E6 84               [ 1]  230 	pop	a
      0000E7 FC               [ 2]  231 	jp	(x)
                                    232 ;	C:\Users\disan\.platformio\packages\framework-ststm8spl\Libraries\STM8S_StdPeriph_Driver\src\stm8s_gpio.c: 141: void GPIO_Write(GPIO_TypeDef* GPIOx, uint8_t PortVal)
                                    233 ;	-----------------------------------------
                                    234 ;	 function GPIO_Write
                                    235 ;	-----------------------------------------
      0000E8                        236 _GPIO_Write:
                                    237 ;	C:\Users\disan\.platformio\packages\framework-ststm8spl\Libraries\STM8S_StdPeriph_Driver\src\stm8s_gpio.c: 143: GPIOx->ODR = PortVal;
      0000E8 F7               [ 1]  238 	ld	(x), a
                                    239 ;	C:\Users\disan\.platformio\packages\framework-ststm8spl\Libraries\STM8S_StdPeriph_Driver\src\stm8s_gpio.c: 144: }
      0000E9 81               [ 4]  240 	ret
                                    241 ;	C:\Users\disan\.platformio\packages\framework-ststm8spl\Libraries\STM8S_StdPeriph_Driver\src\stm8s_gpio.c: 154: void GPIO_WriteHigh(GPIO_TypeDef* GPIOx, GPIO_Pin_TypeDef PortPins)
                                    242 ;	-----------------------------------------
                                    243 ;	 function GPIO_WriteHigh
                                    244 ;	-----------------------------------------
      0000EA                        245 _GPIO_WriteHigh:
      0000EA 88               [ 1]  246 	push	a
      0000EB 6B 01            [ 1]  247 	ld	(0x01, sp), a
                                    248 ;	C:\Users\disan\.platformio\packages\framework-ststm8spl\Libraries\STM8S_StdPeriph_Driver\src\stm8s_gpio.c: 156: GPIOx->ODR |= (uint8_t)PortPins;
      0000ED F6               [ 1]  249 	ld	a, (x)
      0000EE 1A 01            [ 1]  250 	or	a, (0x01, sp)
      0000F0 F7               [ 1]  251 	ld	(x), a
                                    252 ;	C:\Users\disan\.platformio\packages\framework-ststm8spl\Libraries\STM8S_StdPeriph_Driver\src\stm8s_gpio.c: 157: }
      0000F1 84               [ 1]  253 	pop	a
      0000F2 81               [ 4]  254 	ret
                                    255 ;	C:\Users\disan\.platformio\packages\framework-ststm8spl\Libraries\STM8S_StdPeriph_Driver\src\stm8s_gpio.c: 167: void GPIO_WriteLow(GPIO_TypeDef* GPIOx, GPIO_Pin_TypeDef PortPins)
                                    256 ;	-----------------------------------------
                                    257 ;	 function GPIO_WriteLow
                                    258 ;	-----------------------------------------
      0000F3                        259 _GPIO_WriteLow:
      0000F3 88               [ 1]  260 	push	a
                                    261 ;	C:\Users\disan\.platformio\packages\framework-ststm8spl\Libraries\STM8S_StdPeriph_Driver\src\stm8s_gpio.c: 169: GPIOx->ODR &= (uint8_t)(~PortPins);
      0000F4 88               [ 1]  262 	push	a
      0000F5 F6               [ 1]  263 	ld	a, (x)
      0000F6 6B 02            [ 1]  264 	ld	(0x02, sp), a
      0000F8 84               [ 1]  265 	pop	a
      0000F9 43               [ 1]  266 	cpl	a
      0000FA 14 01            [ 1]  267 	and	a, (0x01, sp)
      0000FC F7               [ 1]  268 	ld	(x), a
                                    269 ;	C:\Users\disan\.platformio\packages\framework-ststm8spl\Libraries\STM8S_StdPeriph_Driver\src\stm8s_gpio.c: 170: }
      0000FD 84               [ 1]  270 	pop	a
      0000FE 81               [ 4]  271 	ret
                                    272 ;	C:\Users\disan\.platformio\packages\framework-ststm8spl\Libraries\STM8S_StdPeriph_Driver\src\stm8s_gpio.c: 219: BitStatus GPIO_ReadInputPin(GPIO_TypeDef* GPIOx, GPIO_Pin_TypeDef GPIO_Pin)
                                    273 ;	-----------------------------------------
                                    274 ;	 function GPIO_ReadInputPin
                                    275 ;	-----------------------------------------
      0000FF                        276 _GPIO_ReadInputPin:
      0000FF 88               [ 1]  277 	push	a
      000100 6B 01            [ 1]  278 	ld	(0x01, sp), a
                                    279 ;	C:\Users\disan\.platformio\packages\framework-ststm8spl\Libraries\STM8S_StdPeriph_Driver\src\stm8s_gpio.c: 221: return ((BitStatus)(GPIOx->IDR & (uint8_t)GPIO_Pin));
      000102 E6 01            [ 1]  280 	ld	a, (0x1, x)
      000104 14 01            [ 1]  281 	and	a, (0x01, sp)
                                    282 ;	C:\Users\disan\.platformio\packages\framework-ststm8spl\Libraries\STM8S_StdPeriph_Driver\src\stm8s_gpio.c: 222: }
      000106 5B 01            [ 2]  283 	addw	sp, #1
      000108 81               [ 4]  284 	ret
                                    285 	.area CODE
                                    286 	.area CONST
                                    287 	.area CONST
      000000                        288 ___str_0:
      000000 43 3A                  289 	.ascii "C:"
      000002 5C                     290 	.db 0x5c
      000003 55 73 65 72 73         291 	.ascii "Users"
      000008 5C                     292 	.db 0x5c
      000009 64 69 73 61 6E         293 	.ascii "disan"
      00000E 5C                     294 	.db 0x5c
      00000F 2E 70 6C 61 74 66 6F   295 	.ascii ".platformio"
             72 6D 69 6F
      00001A 5C                     296 	.db 0x5c
      00001B 70 61 63 6B 61 67 65   297 	.ascii "packages"
             73
      000023 5C                     298 	.db 0x5c
      000024 66 72 61 6D 65 77 6F   299 	.ascii "framework-ststm8spl"
             72 6B 2D 73 74 73 74
             6D 38 73 70 6C
      000037 5C                     300 	.db 0x5c
      000038 4C 69 62 72 61 72 69   301 	.ascii "Libraries"
             65 73
      000041 5C                     302 	.db 0x5c
      000042 53 54 4D 38 53 5F 53   303 	.ascii "STM8S_StdPeriph_Driver"
             74 64 50 65 72 69 70
             68 5F 44 72 69 76 65
             72
      000058 5C                     304 	.db 0x5c
      000059 73 72 63               305 	.ascii "src"
      00005C 5C                     306 	.db 0x5c
      00005D 73 74 6D 38 73 5F 67   307 	.ascii "stm8s_gpio.c"
             70 69 6F 2E 63
      000069 00                     308 	.db 0x00
                                    309 	.area CODE
                                    310 	.area INITIALIZER
                                    311 	.area CABS (ABS)
