                                      1 ;--------------------------------------------------------
                                      2 ; File Created by SDCC : free open source ANSI-C Compiler
                                      3 ; Version 4.2.0 #13081 (Mac OS X x86_64)
                                      4 ;--------------------------------------------------------
                                      5 	.module athx0
                                      6 	.optsdcc -mstm8
                                      7 	
                                      8 ;--------------------------------------------------------
                                      9 ; Public variables in this module
                                     10 ;--------------------------------------------------------
                                     11 	.globl _ATHX0ConverHumidity
                                     12 	.globl _ATHX0ConvertTemperature
                                     13 ;--------------------------------------------------------
                                     14 ; ram data
                                     15 ;--------------------------------------------------------
                                     16 	.area DATA
                                     17 ;--------------------------------------------------------
                                     18 ; ram data
                                     19 ;--------------------------------------------------------
                                     20 	.area INITIALIZED
                                     21 ;--------------------------------------------------------
                                     22 ; absolute external ram data
                                     23 ;--------------------------------------------------------
                                     24 	.area DABS (ABS)
                                     25 
                                     26 ; default segment ordering for linker
                                     27 	.area HOME
                                     28 	.area GSINIT
                                     29 	.area GSFINAL
                                     30 	.area CONST
                                     31 	.area INITIALIZER
                                     32 	.area CODE
                                     33 
                                     34 ;--------------------------------------------------------
                                     35 ; global & static initialisations
                                     36 ;--------------------------------------------------------
                                     37 	.area HOME
                                     38 	.area GSINIT
                                     39 	.area GSFINAL
                                     40 	.area GSINIT
                                     41 ;--------------------------------------------------------
                                     42 ; Home
                                     43 ;--------------------------------------------------------
                                     44 	.area HOME
                                     45 	.area HOME
                                     46 ;--------------------------------------------------------
                                     47 ; code
                                     48 ;--------------------------------------------------------
                                     49 	.area CODE
                                     50 ;	src/athx0.c: 3: float ATHX0ConverHumidity(uint8_t *Buf) {
                                     51 ;	-----------------------------------------
                                     52 ;	 function ATHX0ConverHumidity
                                     53 ;	-----------------------------------------
      000000                         54 _ATHX0ConverHumidity:
      000000 52 06            [ 2]   55 	sub	sp, #6
                                     56 ;	src/athx0.c: 5: fAHTX0Humidity = Buf[1];
      000002 1F 05            [ 2]   57 	ldw	(0x05, sp), x
      000004 E6 01            [ 1]   58 	ld	a, (0x1, x)
      000006 CDr00r00         [ 4]   59 	call	___uchar2fs
                                     60 ;	src/athx0.c: 6: fAHTX0Humidity *= 256;
      000009 89               [ 2]   61 	pushw	x
      00000A 90 89            [ 2]   62 	pushw	y
      00000C 5F               [ 1]   63 	clrw	x
      00000D 89               [ 2]   64 	pushw	x
      00000E 4B 80            [ 1]   65 	push	#0x80
      000010 4B 43            [ 1]   66 	push	#0x43
      000012 CDr00r00         [ 4]   67 	call	___fsmul
      000015 1F 03            [ 2]   68 	ldw	(0x03, sp), x
      000017 17 01            [ 2]   69 	ldw	(0x01, sp), y
                                     70 ;	src/athx0.c: 7: fAHTX0Humidity += Buf[2];
      000019 1E 05            [ 2]   71 	ldw	x, (0x05, sp)
      00001B E6 02            [ 1]   72 	ld	a, (0x2, x)
      00001D 5F               [ 1]   73 	clrw	x
      00001E 97               [ 1]   74 	ld	xl, a
      00001F CDr00r00         [ 4]   75 	call	___sint2fs
      000022 89               [ 2]   76 	pushw	x
      000023 90 89            [ 2]   77 	pushw	y
      000025 1E 07            [ 2]   78 	ldw	x, (0x07, sp)
      000027 89               [ 2]   79 	pushw	x
      000028 1E 07            [ 2]   80 	ldw	x, (0x07, sp)
      00002A 89               [ 2]   81 	pushw	x
      00002B CDr00r00         [ 4]   82 	call	___fsadd
                                     83 ;	src/athx0.c: 8: fAHTX0Humidity *= 16;
      00002E 89               [ 2]   84 	pushw	x
      00002F 90 89            [ 2]   85 	pushw	y
      000031 5F               [ 1]   86 	clrw	x
      000032 89               [ 2]   87 	pushw	x
      000033 4B 80            [ 1]   88 	push	#0x80
      000035 4B 41            [ 1]   89 	push	#0x41
      000037 CDr00r00         [ 4]   90 	call	___fsmul
      00003A 1F 03            [ 2]   91 	ldw	(0x03, sp), x
      00003C 17 01            [ 2]   92 	ldw	(0x01, sp), y
                                     93 ;	src/athx0.c: 9: fAHTX0Humidity += (Buf[3]>>4);
      00003E 1E 05            [ 2]   94 	ldw	x, (0x05, sp)
      000040 E6 03            [ 1]   95 	ld	a, (0x3, x)
      000042 4E               [ 1]   96 	swap	a
      000043 A4 0F            [ 1]   97 	and	a, #0x0f
      000045 5F               [ 1]   98 	clrw	x
      000046 97               [ 1]   99 	ld	xl, a
      000047 CDr00r00         [ 4]  100 	call	___sint2fs
      00004A 89               [ 2]  101 	pushw	x
      00004B 90 89            [ 2]  102 	pushw	y
      00004D 1E 07            [ 2]  103 	ldw	x, (0x07, sp)
      00004F 89               [ 2]  104 	pushw	x
      000050 1E 07            [ 2]  105 	ldw	x, (0x07, sp)
      000052 89               [ 2]  106 	pushw	x
      000053 CDr00r00         [ 4]  107 	call	___fsadd
                                    108 ;	src/athx0.c: 11: fAHTX0Humidity /= 1048576;
      000056 4B 00            [ 1]  109 	push	#0x00
      000058 4B 00            [ 1]  110 	push	#0x00
      00005A 4B 80            [ 1]  111 	push	#0x80
      00005C 4B 49            [ 1]  112 	push	#0x49
      00005E 89               [ 2]  113 	pushw	x
      00005F 90 89            [ 2]  114 	pushw	y
      000061 CDr00r00         [ 4]  115 	call	___fsdiv
                                    116 ;	src/athx0.c: 12: fAHTX0Humidity *= 100;
      000064 89               [ 2]  117 	pushw	x
      000065 90 89            [ 2]  118 	pushw	y
      000067 5F               [ 1]  119 	clrw	x
      000068 89               [ 2]  120 	pushw	x
      000069 4B C8            [ 1]  121 	push	#0xc8
      00006B 4B 42            [ 1]  122 	push	#0x42
      00006D CDr00r00         [ 4]  123 	call	___fsmul
                                    124 ;	src/athx0.c: 14: return fAHTX0Humidity;
                                    125 ;	src/athx0.c: 15: }
      000070 5B 06            [ 2]  126 	addw	sp, #6
      000072 81               [ 4]  127 	ret
                                    128 ;	src/athx0.c: 17: float ATHX0ConvertTemperature(uint8_t *Buf) {
                                    129 ;	-----------------------------------------
                                    130 ;	 function ATHX0ConvertTemperature
                                    131 ;	-----------------------------------------
      000073                        132 _ATHX0ConvertTemperature:
      000073 52 06            [ 2]  133 	sub	sp, #6
                                    134 ;	src/athx0.c: 19: fAHTX0Temperature = (Buf[3] & 0x0f);
      000075 1F 05            [ 2]  135 	ldw	(0x05, sp), x
      000077 E6 03            [ 1]  136 	ld	a, (0x3, x)
      000079 A4 0F            [ 1]  137 	and	a, #0x0f
      00007B 97               [ 1]  138 	ld	xl, a
      00007C 4F               [ 1]  139 	clr	a
      00007D 95               [ 1]  140 	ld	xh, a
      00007E CDr00r00         [ 4]  141 	call	___sint2fs
                                    142 ;	src/athx0.c: 20: fAHTX0Temperature *= 256;
      000081 89               [ 2]  143 	pushw	x
      000082 90 89            [ 2]  144 	pushw	y
      000084 5F               [ 1]  145 	clrw	x
      000085 89               [ 2]  146 	pushw	x
      000086 4B 80            [ 1]  147 	push	#0x80
      000088 4B 43            [ 1]  148 	push	#0x43
      00008A CDr00r00         [ 4]  149 	call	___fsmul
      00008D 1F 03            [ 2]  150 	ldw	(0x03, sp), x
      00008F 17 01            [ 2]  151 	ldw	(0x01, sp), y
                                    152 ;	src/athx0.c: 21: fAHTX0Temperature += Buf[4];
      000091 1E 05            [ 2]  153 	ldw	x, (0x05, sp)
      000093 E6 04            [ 1]  154 	ld	a, (0x4, x)
      000095 5F               [ 1]  155 	clrw	x
      000096 97               [ 1]  156 	ld	xl, a
      000097 CDr00r00         [ 4]  157 	call	___sint2fs
      00009A 89               [ 2]  158 	pushw	x
      00009B 90 89            [ 2]  159 	pushw	y
      00009D 1E 07            [ 2]  160 	ldw	x, (0x07, sp)
      00009F 89               [ 2]  161 	pushw	x
      0000A0 1E 07            [ 2]  162 	ldw	x, (0x07, sp)
      0000A2 89               [ 2]  163 	pushw	x
      0000A3 CDr00r00         [ 4]  164 	call	___fsadd
                                    165 ;	src/athx0.c: 22: fAHTX0Temperature *= 256;
      0000A6 89               [ 2]  166 	pushw	x
      0000A7 90 89            [ 2]  167 	pushw	y
      0000A9 5F               [ 1]  168 	clrw	x
      0000AA 89               [ 2]  169 	pushw	x
      0000AB 4B 80            [ 1]  170 	push	#0x80
      0000AD 4B 43            [ 1]  171 	push	#0x43
      0000AF CDr00r00         [ 4]  172 	call	___fsmul
      0000B2 1F 03            [ 2]  173 	ldw	(0x03, sp), x
      0000B4 17 01            [ 2]  174 	ldw	(0x01, sp), y
                                    175 ;	src/athx0.c: 23: fAHTX0Temperature += Buf[5];
      0000B6 1E 05            [ 2]  176 	ldw	x, (0x05, sp)
      0000B8 E6 05            [ 1]  177 	ld	a, (0x5, x)
      0000BA 5F               [ 1]  178 	clrw	x
      0000BB 97               [ 1]  179 	ld	xl, a
      0000BC CDr00r00         [ 4]  180 	call	___sint2fs
      0000BF 89               [ 2]  181 	pushw	x
      0000C0 90 89            [ 2]  182 	pushw	y
      0000C2 1E 07            [ 2]  183 	ldw	x, (0x07, sp)
      0000C4 89               [ 2]  184 	pushw	x
      0000C5 1E 07            [ 2]  185 	ldw	x, (0x07, sp)
      0000C7 89               [ 2]  186 	pushw	x
      0000C8 CDr00r00         [ 4]  187 	call	___fsadd
                                    188 ;	src/athx0.c: 25: fAHTX0Temperature /= 1048576;
      0000CB 4B 00            [ 1]  189 	push	#0x00
      0000CD 4B 00            [ 1]  190 	push	#0x00
      0000CF 4B 80            [ 1]  191 	push	#0x80
      0000D1 4B 49            [ 1]  192 	push	#0x49
      0000D3 89               [ 2]  193 	pushw	x
      0000D4 90 89            [ 2]  194 	pushw	y
      0000D6 CDr00r00         [ 4]  195 	call	___fsdiv
                                    196 ;	src/athx0.c: 26: fAHTX0Temperature = fAHTX0Temperature * 200 - 50;
      0000D9 89               [ 2]  197 	pushw	x
      0000DA 90 89            [ 2]  198 	pushw	y
      0000DC 5F               [ 1]  199 	clrw	x
      0000DD 89               [ 2]  200 	pushw	x
      0000DE 4B 48            [ 1]  201 	push	#0x48
      0000E0 4B 43            [ 1]  202 	push	#0x43
      0000E2 CDr00r00         [ 4]  203 	call	___fsmul
      0000E5 4B 00            [ 1]  204 	push	#0x00
      0000E7 4B 00            [ 1]  205 	push	#0x00
      0000E9 4B 48            [ 1]  206 	push	#0x48
      0000EB 4B 42            [ 1]  207 	push	#0x42
      0000ED 89               [ 2]  208 	pushw	x
      0000EE 90 89            [ 2]  209 	pushw	y
      0000F0 CDr00r00         [ 4]  210 	call	___fssub
                                    211 ;	src/athx0.c: 28: return fAHTX0Temperature;
                                    212 ;	src/athx0.c: 29: }
      0000F3 5B 06            [ 2]  213 	addw	sp, #6
      0000F5 81               [ 4]  214 	ret
                                    215 	.area CODE
                                    216 	.area CONST
                                    217 	.area INITIALIZER
                                    218 	.area CABS (ABS)
