                                      1 ;--------------------------------------------------------
                                      2 ; File Created by SDCC : free open source ANSI-C Compiler
                                      3 ; Version 4.2.0 #13081 (Mac OS X x86_64)
                                      4 ;--------------------------------------------------------
                                      5 	.module bme280
                                      6 	.optsdcc -mstm8
                                      7 	
                                      8 ;--------------------------------------------------------
                                      9 ; Public variables in this module
                                     10 ;--------------------------------------------------------
                                     11 	.globl _I2C_Read_Bytes
                                     12 	.globl _I2C_Read_Byte
                                     13 	.globl _I2C_Send_Bytes
                                     14 	.globl _GPIO_WriteLow
                                     15 	.globl _GPIO_WriteHigh
                                     16 	.globl _CalibData
                                     17 	.globl _Error
                                     18 	.globl _BME280_Setup
                                     19 	.globl _BME280_WriteReg
                                     20 	.globl _BME280_ReadReg
                                     21 	.globl _BME280_ReadReg_U16
                                     22 	.globl _BME280_ReadReg_S16
                                     23 	.globl _BME280_ReadStatus
                                     24 	.globl _BME280_ReadCoefficients
                                     25 	.globl _BME280_SetStandby
                                     26 	.globl _BME280_SetFilter
                                     27 	.globl _BME280_SetOversamplingTemper
                                     28 	.globl _BME280_SetOversamplingPressure
                                     29 	.globl _BME280_SetOversamplingHum
                                     30 	.globl _BME280_SetMode
                                     31 	.globl _BME280_ReadTemperature
                                     32 	.globl _BME280_ReadPressure
                                     33 	.globl _BME280_ReadHumidity
                                     34 	.globl _BME280_ReadAltitude
                                     35 ;--------------------------------------------------------
                                     36 ; ram data
                                     37 ;--------------------------------------------------------
                                     38 	.area DATA
      000000                         39 _CalibData::
      000000                         40 	.ds 33
                                     41 ;--------------------------------------------------------
                                     42 ; ram data
                                     43 ;--------------------------------------------------------
                                     44 	.area INITIALIZED
                                     45 ;--------------------------------------------------------
                                     46 ; absolute external ram data
                                     47 ;--------------------------------------------------------
                                     48 	.area DABS (ABS)
                                     49 
                                     50 ; default segment ordering for linker
                                     51 	.area HOME
                                     52 	.area GSINIT
                                     53 	.area GSFINAL
                                     54 	.area CONST
                                     55 	.area INITIALIZER
                                     56 	.area CODE
                                     57 
                                     58 ;--------------------------------------------------------
                                     59 ; global & static initialisations
                                     60 ;--------------------------------------------------------
                                     61 	.area HOME
                                     62 	.area GSINIT
                                     63 	.area GSFINAL
                                     64 	.area GSINIT
                                     65 ;--------------------------------------------------------
                                     66 ; Home
                                     67 ;--------------------------------------------------------
                                     68 	.area HOME
                                     69 	.area HOME
                                     70 ;--------------------------------------------------------
                                     71 ; code
                                     72 ;--------------------------------------------------------
                                     73 	.area CODE
                                     74 ;	src/bme280.c: 15: void Error(void) {
                                     75 ;	-----------------------------------------
                                     76 ;	 function Error
                                     77 ;	-----------------------------------------
      000000                         78 _Error:
                                     79 ;	src/bme280.c: 16: LED_OFF;
      000000 A6 20            [ 1]   80 	ld	a, #0x20
      000002 AE 50 14         [ 2]   81 	ldw	x, #0x5014
                                     82 ;	src/bme280.c: 17: }
      000005 CCr00r00         [ 2]   83 	jp	_GPIO_WriteHigh
                                     84 ;	src/bme280.c: 19: void BME280_Setup(void) {
                                     85 ;	-----------------------------------------
                                     86 ;	 function BME280_Setup
                                     87 ;	-----------------------------------------
      000008                         88 _BME280_Setup:
                                     89 ;	src/bme280.c: 22: LED_ON;
      000008 A6 20            [ 1]   90 	ld	a, #0x20
      00000A AE 50 14         [ 2]   91 	ldw	x, #0x5014
                                     92 ;	src/bme280.c: 23: }
      00000D CCr00r00         [ 2]   93 	jp	_GPIO_WriteLow
                                     94 ;	src/bme280.c: 25: void BME280_WriteReg(uint8_t iReg, uint8_t iValue) {
                                     95 ;	-----------------------------------------
                                     96 ;	 function BME280_WriteReg
                                     97 ;	-----------------------------------------
      000010                         98 _BME280_WriteReg:
      000010 89               [ 2]   99 	pushw	x
                                    100 ;	src/bme280.c: 27: iData[0] = iReg;
      000011 96               [ 1]  101 	ldw	x, sp
      000012 5C               [ 1]  102 	incw	x
      000013 F7               [ 1]  103 	ld	(x), a
                                    104 ;	src/bme280.c: 28: iData[1] = iValue;
      000014 7B 05            [ 1]  105 	ld	a, (0x05, sp)
      000016 6B 02            [ 1]  106 	ld	(0x02, sp), a
                                    107 ;	src/bme280.c: 29: I2C_Send_Bytes((BME280_ADDRESS << 1), sizeof(iData), iData);
      000018 89               [ 2]  108 	pushw	x
      000019 AE 00 02         [ 2]  109 	ldw	x, #0x0002
      00001C A6 EE            [ 1]  110 	ld	a, #0xee
      00001E CDr00r00         [ 4]  111 	call	_I2C_Send_Bytes
                                    112 ;	src/bme280.c: 30: }
      000021 85               [ 2]  113 	popw	x
      000022 85               [ 2]  114 	popw	x
      000023 84               [ 1]  115 	pop	a
      000024 FC               [ 2]  116 	jp	(x)
                                    117 ;	src/bme280.c: 32: uint8_t BME280_ReadReg(uint8_t iReg) {
                                    118 ;	-----------------------------------------
                                    119 ;	 function BME280_ReadReg
                                    120 ;	-----------------------------------------
      000025                        121 _BME280_ReadReg:
      000025 88               [ 1]  122 	push	a
                                    123 ;	src/bme280.c: 34: iData[0] = iReg;
      000026 96               [ 1]  124 	ldw	x, sp
      000027 5C               [ 1]  125 	incw	x
      000028 F7               [ 1]  126 	ld	(x), a
                                    127 ;	src/bme280.c: 35: I2C_Send_Bytes((BME280_ADDRESS << 1), sizeof(iData), iData);
      000029 89               [ 2]  128 	pushw	x
      00002A 5F               [ 1]  129 	clrw	x
      00002B 5C               [ 1]  130 	incw	x
      00002C A6 EE            [ 1]  131 	ld	a, #0xee
      00002E CDr00r00         [ 4]  132 	call	_I2C_Send_Bytes
                                    133 ;	src/bme280.c: 36: return I2C_Read_Byte(BME280_ADDRESS << 1);
      000031 A6 EE            [ 1]  134 	ld	a, #0xee
      000033 CDr00r00         [ 4]  135 	call	_I2C_Read_Byte
                                    136 ;	src/bme280.c: 37: }
      000036 5B 01            [ 2]  137 	addw	sp, #1
      000038 81               [ 4]  138 	ret
                                    139 ;	src/bme280.c: 39: void BME280_ReadReg_U16(uint8_t iReg, uint16_t *iValue) {
                                    140 ;	-----------------------------------------
                                    141 ;	 function BME280_ReadReg_U16
                                    142 ;	-----------------------------------------
      000039                        143 _BME280_ReadReg_U16:
      000039 52 07            [ 2]  144 	sub	sp, #7
      00003B 1F 06            [ 2]  145 	ldw	(0x06, sp), x
                                    146 ;	src/bme280.c: 42: iData[0] = iReg;
      00003D 96               [ 1]  147 	ldw	x, sp
      00003E 5C               [ 1]  148 	incw	x
      00003F F7               [ 1]  149 	ld	(x), a
                                    150 ;	src/bme280.c: 43: I2C_Send_Bytes((BME280_ADDRESS << 1), sizeof(iData), iData);
      000040 89               [ 2]  151 	pushw	x
      000041 5F               [ 1]  152 	clrw	x
      000042 5C               [ 1]  153 	incw	x
      000043 A6 EE            [ 1]  154 	ld	a, #0xee
      000045 CDr00r00         [ 4]  155 	call	_I2C_Send_Bytes
                                    156 ;	src/bme280.c: 44: I2C_Read_Bytes((BME280_ADDRESS << 1), sizeof(iRes), iRes);
      000048 96               [ 1]  157 	ldw	x, sp
      000049 5C               [ 1]  158 	incw	x
      00004A 5C               [ 1]  159 	incw	x
      00004B 89               [ 2]  160 	pushw	x
      00004C AE 00 02         [ 2]  161 	ldw	x, #0x0002
      00004F A6 EE            [ 1]  162 	ld	a, #0xee
      000051 CDr00r00         [ 4]  163 	call	_I2C_Read_Bytes
                                    164 ;	src/bme280.c: 45: *iValue = iRes[0];
      000054 7B 02            [ 1]  165 	ld	a, (0x02, sp)
      000056 90 5F            [ 1]  166 	clrw	y
      000058 90 97            [ 1]  167 	ld	yl, a
      00005A 1E 06            [ 2]  168 	ldw	x, (0x06, sp)
      00005C FF               [ 2]  169 	ldw	(x), y
                                    170 ;	src/bme280.c: 46: *iValue <<= 8;
      00005D 4F               [ 1]  171 	clr	a
      00005E 90 02            [ 1]  172 	rlwa	y
      000060 1E 06            [ 2]  173 	ldw	x, (0x06, sp)
      000062 FF               [ 2]  174 	ldw	(x), y
                                    175 ;	src/bme280.c: 47: *iValue += iRes[1];
      000063 7B 03            [ 1]  176 	ld	a, (0x03, sp)
      000065 5F               [ 1]  177 	clrw	x
      000066 97               [ 1]  178 	ld	xl, a
      000067 1F 04            [ 2]  179 	ldw	(0x04, sp), x
      000069 72 F9 04         [ 2]  180 	addw	y, (0x04, sp)
      00006C 1E 06            [ 2]  181 	ldw	x, (0x06, sp)
      00006E FF               [ 2]  182 	ldw	(x), y
                                    183 ;	src/bme280.c: 48: }
      00006F 5B 07            [ 2]  184 	addw	sp, #7
      000071 81               [ 4]  185 	ret
                                    186 ;	src/bme280.c: 50: void BME280_ReadReg_S16(uint8_t iReg, int16_t *iValue) {
                                    187 ;	-----------------------------------------
                                    188 ;	 function BME280_ReadReg_S16
                                    189 ;	-----------------------------------------
      000072                        190 _BME280_ReadReg_S16:
      000072 52 07            [ 2]  191 	sub	sp, #7
      000074 1F 06            [ 2]  192 	ldw	(0x06, sp), x
                                    193 ;	src/bme280.c: 53: iData[0] = iReg;
      000076 96               [ 1]  194 	ldw	x, sp
      000077 5C               [ 1]  195 	incw	x
      000078 F7               [ 1]  196 	ld	(x), a
                                    197 ;	src/bme280.c: 54: I2C_Send_Bytes((BME280_ADDRESS << 1), sizeof(iData), iData);
      000079 89               [ 2]  198 	pushw	x
      00007A 5F               [ 1]  199 	clrw	x
      00007B 5C               [ 1]  200 	incw	x
      00007C A6 EE            [ 1]  201 	ld	a, #0xee
      00007E CDr00r00         [ 4]  202 	call	_I2C_Send_Bytes
                                    203 ;	src/bme280.c: 55: I2C_Read_Bytes((BME280_ADDRESS << 1), sizeof(iRes), iRes);
      000081 96               [ 1]  204 	ldw	x, sp
      000082 5C               [ 1]  205 	incw	x
      000083 5C               [ 1]  206 	incw	x
      000084 89               [ 2]  207 	pushw	x
      000085 AE 00 02         [ 2]  208 	ldw	x, #0x0002
      000088 A6 EE            [ 1]  209 	ld	a, #0xee
      00008A CDr00r00         [ 4]  210 	call	_I2C_Read_Bytes
                                    211 ;	src/bme280.c: 56: *iValue = iRes[0];
      00008D 7B 02            [ 1]  212 	ld	a, (0x02, sp)
      00008F 5F               [ 1]  213 	clrw	x
      000090 97               [ 1]  214 	ld	xl, a
      000091 16 06            [ 2]  215 	ldw	y, (0x06, sp)
      000093 90 FF            [ 2]  216 	ldw	(y), x
                                    217 ;	src/bme280.c: 57: *iValue <<= 8;
      000095 4F               [ 1]  218 	clr	a
      000096 02               [ 1]  219 	rlwa	x
      000097 16 06            [ 2]  220 	ldw	y, (0x06, sp)
      000099 90 FF            [ 2]  221 	ldw	(y), x
                                    222 ;	src/bme280.c: 58: *iValue += iRes[1];
      00009B 7B 03            [ 1]  223 	ld	a, (0x03, sp)
      00009D 6B 05            [ 1]  224 	ld	(0x05, sp), a
      00009F 0F 04            [ 1]  225 	clr	(0x04, sp)
      0000A1 72 FB 04         [ 2]  226 	addw	x, (0x04, sp)
      0000A4 16 06            [ 2]  227 	ldw	y, (0x06, sp)
      0000A6 90 FF            [ 2]  228 	ldw	(y), x
                                    229 ;	src/bme280.c: 59: }
      0000A8 5B 07            [ 2]  230 	addw	sp, #7
      0000AA 81               [ 4]  231 	ret
                                    232 ;	src/bme280.c: 61: uint8_t BME280_ReadStatus(void) {
                                    233 ;	-----------------------------------------
                                    234 ;	 function BME280_ReadStatus
                                    235 ;	-----------------------------------------
      0000AB                        236 _BME280_ReadStatus:
                                    237 ;	src/bme280.c: 63: uint8_t res = BME280_ReadReg(BME280_REGISTER_STATUS) & 0x09;
      0000AB A6 F3            [ 1]  238 	ld	a, #0xf3
      0000AD CDr00r25         [ 4]  239 	call	_BME280_ReadReg
      0000B0 A4 09            [ 1]  240 	and	a, #0x09
                                    241 ;	src/bme280.c: 64: return res;
                                    242 ;	src/bme280.c: 65: }
      0000B2 81               [ 4]  243 	ret
                                    244 ;	src/bme280.c: 67: void BME280_ReadCoefficients(void) {
                                    245 ;	-----------------------------------------
                                    246 ;	 function BME280_ReadCoefficients
                                    247 ;	-----------------------------------------
      0000B3                        248 _BME280_ReadCoefficients:
      0000B3 52 04            [ 2]  249 	sub	sp, #4
                                    250 ;	src/bme280.c: 68: BME280_ReadReg_U16(BME280_REGISTER_DIG_T1, &CalibData.dig_T1);
      0000B5 AEr00r00         [ 2]  251 	ldw	x, #(_CalibData+0)
      0000B8 A6 88            [ 1]  252 	ld	a, #0x88
      0000BA CDr00r39         [ 4]  253 	call	_BME280_ReadReg_U16
                                    254 ;	src/bme280.c: 69: BME280_ReadReg_S16(BME280_REGISTER_DIG_T2, &CalibData.dig_T2);
      0000BD AEr00r02         [ 2]  255 	ldw	x, #(_CalibData+2)
      0000C0 A6 8A            [ 1]  256 	ld	a, #0x8a
      0000C2 CDr00r72         [ 4]  257 	call	_BME280_ReadReg_S16
                                    258 ;	src/bme280.c: 70: BME280_ReadReg_S16(BME280_REGISTER_DIG_T3, &CalibData.dig_T3);
      0000C5 AEr00r04         [ 2]  259 	ldw	x, #(_CalibData+4)
      0000C8 A6 8C            [ 1]  260 	ld	a, #0x8c
      0000CA CDr00r72         [ 4]  261 	call	_BME280_ReadReg_S16
                                    262 ;	src/bme280.c: 71: BME280_ReadReg_U16(BME280_REGISTER_DIG_P1, &CalibData.dig_P1);
      0000CD AEr00r06         [ 2]  263 	ldw	x, #(_CalibData+6)
      0000D0 A6 8E            [ 1]  264 	ld	a, #0x8e
      0000D2 CDr00r39         [ 4]  265 	call	_BME280_ReadReg_U16
                                    266 ;	src/bme280.c: 72: BME280_ReadReg_S16(BME280_REGISTER_DIG_P2, &CalibData.dig_P2);
      0000D5 AEr00r08         [ 2]  267 	ldw	x, #(_CalibData+8)
      0000D8 A6 90            [ 1]  268 	ld	a, #0x90
      0000DA CDr00r72         [ 4]  269 	call	_BME280_ReadReg_S16
                                    270 ;	src/bme280.c: 73: BME280_ReadReg_S16(BME280_REGISTER_DIG_P3, &CalibData.dig_P3);
      0000DD AEr00r0A         [ 2]  271 	ldw	x, #(_CalibData+10)
      0000E0 A6 92            [ 1]  272 	ld	a, #0x92
      0000E2 CDr00r72         [ 4]  273 	call	_BME280_ReadReg_S16
                                    274 ;	src/bme280.c: 74: BME280_ReadReg_S16(BME280_REGISTER_DIG_P4, &CalibData.dig_P4);
      0000E5 AEr00r0C         [ 2]  275 	ldw	x, #(_CalibData+12)
      0000E8 A6 94            [ 1]  276 	ld	a, #0x94
      0000EA CDr00r72         [ 4]  277 	call	_BME280_ReadReg_S16
                                    278 ;	src/bme280.c: 75: BME280_ReadReg_S16(BME280_REGISTER_DIG_P5, &CalibData.dig_P5);
      0000ED AEr00r0E         [ 2]  279 	ldw	x, #(_CalibData+14)
      0000F0 A6 96            [ 1]  280 	ld	a, #0x96
      0000F2 CDr00r72         [ 4]  281 	call	_BME280_ReadReg_S16
                                    282 ;	src/bme280.c: 76: BME280_ReadReg_S16(BME280_REGISTER_DIG_P6, &CalibData.dig_P6);
      0000F5 AEr00r10         [ 2]  283 	ldw	x, #(_CalibData+16)
      0000F8 A6 98            [ 1]  284 	ld	a, #0x98
      0000FA CDr00r72         [ 4]  285 	call	_BME280_ReadReg_S16
                                    286 ;	src/bme280.c: 77: BME280_ReadReg_S16(BME280_REGISTER_DIG_P7, &CalibData.dig_P7);
      0000FD AEr00r12         [ 2]  287 	ldw	x, #(_CalibData+18)
      000100 A6 9A            [ 1]  288 	ld	a, #0x9a
      000102 CDr00r72         [ 4]  289 	call	_BME280_ReadReg_S16
                                    290 ;	src/bme280.c: 78: BME280_ReadReg_S16(BME280_REGISTER_DIG_P8, &CalibData.dig_P8);
      000105 AEr00r14         [ 2]  291 	ldw	x, #(_CalibData+20)
      000108 A6 9C            [ 1]  292 	ld	a, #0x9c
      00010A CDr00r72         [ 4]  293 	call	_BME280_ReadReg_S16
                                    294 ;	src/bme280.c: 79: BME280_ReadReg_S16(BME280_REGISTER_DIG_P9, &CalibData.dig_P9);
      00010D AEr00r16         [ 2]  295 	ldw	x, #(_CalibData+22)
      000110 A6 9E            [ 1]  296 	ld	a, #0x9e
      000112 CDr00r72         [ 4]  297 	call	_BME280_ReadReg_S16
                                    298 ;	src/bme280.c: 80: CalibData.dig_H1 = BME280_ReadReg(BME280_REGISTER_DIG_H1);
      000115 A6 A1            [ 1]  299 	ld	a, #0xa1
      000117 CDr00r25         [ 4]  300 	call	_BME280_ReadReg
      00011A C7u00u18         [ 1]  301 	ld	_CalibData+24, a
                                    302 ;	src/bme280.c: 81: BME280_ReadReg_S16(BME280_REGISTER_DIG_H2, &CalibData.dig_H2);
      00011D AEr00r19         [ 2]  303 	ldw	x, #(_CalibData+25)
      000120 A6 E1            [ 1]  304 	ld	a, #0xe1
      000122 CDr00r72         [ 4]  305 	call	_BME280_ReadReg_S16
                                    306 ;	src/bme280.c: 82: CalibData.dig_H3 = BME280_ReadReg(BME280_REGISTER_DIG_H3);
      000125 A6 E3            [ 1]  307 	ld	a, #0xe3
      000127 CDr00r25         [ 4]  308 	call	_BME280_ReadReg
      00012A C7u00u1B         [ 1]  309 	ld	_CalibData+27, a
                                    310 ;	src/bme280.c: 83: CalibData.dig_H4 = (BME280_ReadReg(BME280_REGISTER_DIG_H4) << 4) | (BME280_ReadReg(BME280_REGISTER_DIG_H4+1) & 0xF);
      00012D A6 E4            [ 1]  311 	ld	a, #0xe4
      00012F CDr00r25         [ 4]  312 	call	_BME280_ReadReg
      000132 5F               [ 1]  313 	clrw	x
      000133 97               [ 1]  314 	ld	xl, a
      000134 58               [ 2]  315 	sllw	x
      000135 58               [ 2]  316 	sllw	x
      000136 58               [ 2]  317 	sllw	x
      000137 58               [ 2]  318 	sllw	x
      000138 1F 01            [ 2]  319 	ldw	(0x01, sp), x
      00013A A6 E5            [ 1]  320 	ld	a, #0xe5
      00013C CDr00r25         [ 4]  321 	call	_BME280_ReadReg
      00013F A4 0F            [ 1]  322 	and	a, #0x0f
      000141 6B 04            [ 1]  323 	ld	(0x04, sp), a
      000143 7B 01            [ 1]  324 	ld	a, (0x01, sp)
      000145 95               [ 1]  325 	ld	xh, a
      000146 7B 02            [ 1]  326 	ld	a, (0x02, sp)
      000148 1A 04            [ 1]  327 	or	a, (0x04, sp)
      00014A 97               [ 1]  328 	ld	xl, a
      00014B CFu00u1C         [ 2]  329 	ldw	_CalibData+28, x
                                    330 ;	src/bme280.c: 84: CalibData.dig_H5 = (BME280_ReadReg(BME280_REGISTER_DIG_H5+1) << 4) | (BME280_ReadReg(BME280_REGISTER_DIG_H5) >> 4);
      00014E A6 E6            [ 1]  331 	ld	a, #0xe6
      000150 CDr00r25         [ 4]  332 	call	_BME280_ReadReg
      000153 5F               [ 1]  333 	clrw	x
      000154 97               [ 1]  334 	ld	xl, a
      000155 58               [ 2]  335 	sllw	x
      000156 58               [ 2]  336 	sllw	x
      000157 58               [ 2]  337 	sllw	x
      000158 58               [ 2]  338 	sllw	x
      000159 1F 03            [ 2]  339 	ldw	(0x03, sp), x
      00015B A6 E5            [ 1]  340 	ld	a, #0xe5
      00015D CDr00r25         [ 4]  341 	call	_BME280_ReadReg
      000160 4E               [ 1]  342 	swap	a
      000161 A4 0F            [ 1]  343 	and	a, #0x0f
      000163 5F               [ 1]  344 	clrw	x
      000164 1A 04            [ 1]  345 	or	a, (0x04, sp)
      000166 02               [ 1]  346 	rlwa	x
      000167 1A 03            [ 1]  347 	or	a, (0x03, sp)
      000169 95               [ 1]  348 	ld	xh, a
      00016A CFu00u1E         [ 2]  349 	ldw	_CalibData+30, x
                                    350 ;	src/bme280.c: 85: CalibData.dig_H6 = (int8_t)BME280_ReadReg(BME280_REGISTER_DIG_H6);
      00016D A6 E7            [ 1]  351 	ld	a, #0xe7
      00016F CDr00r25         [ 4]  352 	call	_BME280_ReadReg
      000172 C7u00u20         [ 1]  353 	ld	_CalibData+32, a
                                    354 ;	src/bme280.c: 161: }
      000175 5B 04            [ 2]  355 	addw	sp, #4
      000177 81               [ 4]  356 	ret
                                    357 ;	src/bme280.c: 163: void BME280_SetStandby(uint8_t tsb) {
                                    358 ;	-----------------------------------------
                                    359 ;	 function BME280_SetStandby
                                    360 ;	-----------------------------------------
      000178                        361 _BME280_SetStandby:
      000178 89               [ 2]  362 	pushw	x
      000179 6B 02            [ 1]  363 	ld	(0x02, sp), a
                                    364 ;	src/bme280.c: 165: reg = BME280_ReadReg(BME280_REG_CONFIG) & ~BME280_STBY_MSK;
      00017B A6 F5            [ 1]  365 	ld	a, #0xf5
      00017D CDr00r25         [ 4]  366 	call	_BME280_ReadReg
      000180 A4 1F            [ 1]  367 	and	a, #0x1f
      000182 6B 01            [ 1]  368 	ld	(0x01, sp), a
                                    369 ;	src/bme280.c: 166: reg |= tsb & BME280_STBY_MSK;
      000184 7B 02            [ 1]  370 	ld	a, (0x02, sp)
      000186 A4 E0            [ 1]  371 	and	a, #0xe0
      000188 1A 01            [ 1]  372 	or	a, (0x01, sp)
                                    373 ;	src/bme280.c: 167: BME280_WriteReg(BME280_REG_CONFIG,reg);
      00018A 88               [ 1]  374 	push	a
      00018B A6 F5            [ 1]  375 	ld	a, #0xf5
      00018D CDr00r10         [ 4]  376 	call	_BME280_WriteReg
                                    377 ;	src/bme280.c: 168: }
      000190 85               [ 2]  378 	popw	x
      000191 81               [ 4]  379 	ret
                                    380 ;	src/bme280.c: 170: void BME280_SetFilter(uint8_t filter) {
                                    381 ;	-----------------------------------------
                                    382 ;	 function BME280_SetFilter
                                    383 ;	-----------------------------------------
      000192                        384 _BME280_SetFilter:
      000192 89               [ 2]  385 	pushw	x
      000193 6B 02            [ 1]  386 	ld	(0x02, sp), a
                                    387 ;	src/bme280.c: 172: reg = BME280_ReadReg(BME280_REG_CONFIG) & ~BME280_FILTER_MSK;
      000195 A6 F5            [ 1]  388 	ld	a, #0xf5
      000197 CDr00r25         [ 4]  389 	call	_BME280_ReadReg
      00019A A4 E3            [ 1]  390 	and	a, #0xe3
      00019C 6B 01            [ 1]  391 	ld	(0x01, sp), a
                                    392 ;	src/bme280.c: 173: reg |= filter & BME280_FILTER_MSK;
      00019E 7B 02            [ 1]  393 	ld	a, (0x02, sp)
      0001A0 A4 1C            [ 1]  394 	and	a, #0x1c
      0001A2 1A 01            [ 1]  395 	or	a, (0x01, sp)
                                    396 ;	src/bme280.c: 174: BME280_WriteReg(BME280_REG_CONFIG,reg);
      0001A4 88               [ 1]  397 	push	a
      0001A5 A6 F5            [ 1]  398 	ld	a, #0xf5
      0001A7 CDr00r10         [ 4]  399 	call	_BME280_WriteReg
                                    400 ;	src/bme280.c: 175: }
      0001AA 85               [ 2]  401 	popw	x
      0001AB 81               [ 4]  402 	ret
                                    403 ;	src/bme280.c: 177: void BME280_SetOversamplingTemper(uint8_t osrs) {
                                    404 ;	-----------------------------------------
                                    405 ;	 function BME280_SetOversamplingTemper
                                    406 ;	-----------------------------------------
      0001AC                        407 _BME280_SetOversamplingTemper:
      0001AC 89               [ 2]  408 	pushw	x
      0001AD 6B 02            [ 1]  409 	ld	(0x02, sp), a
                                    410 ;	src/bme280.c: 179: reg = BME280_ReadReg(BME280_REG_CTRL_MEAS) & ~BME280_OSRS_T_MSK;
      0001AF A6 F4            [ 1]  411 	ld	a, #0xf4
      0001B1 CDr00r25         [ 4]  412 	call	_BME280_ReadReg
      0001B4 A4 1F            [ 1]  413 	and	a, #0x1f
      0001B6 6B 01            [ 1]  414 	ld	(0x01, sp), a
                                    415 ;	src/bme280.c: 180: reg |= osrs & BME280_OSRS_T_MSK;
      0001B8 7B 02            [ 1]  416 	ld	a, (0x02, sp)
      0001BA A4 E0            [ 1]  417 	and	a, #0xe0
      0001BC 1A 01            [ 1]  418 	or	a, (0x01, sp)
                                    419 ;	src/bme280.c: 181: BME280_WriteReg(BME280_REG_CTRL_MEAS,reg);
      0001BE 88               [ 1]  420 	push	a
      0001BF A6 F4            [ 1]  421 	ld	a, #0xf4
      0001C1 CDr00r10         [ 4]  422 	call	_BME280_WriteReg
                                    423 ;	src/bme280.c: 182: }
      0001C4 85               [ 2]  424 	popw	x
      0001C5 81               [ 4]  425 	ret
                                    426 ;	src/bme280.c: 184: void BME280_SetOversamplingPressure(uint8_t osrs) {
                                    427 ;	-----------------------------------------
                                    428 ;	 function BME280_SetOversamplingPressure
                                    429 ;	-----------------------------------------
      0001C6                        430 _BME280_SetOversamplingPressure:
      0001C6 89               [ 2]  431 	pushw	x
      0001C7 6B 02            [ 1]  432 	ld	(0x02, sp), a
                                    433 ;	src/bme280.c: 186: reg = BME280_ReadReg(BME280_REG_CTRL_MEAS) & ~BME280_OSRS_P_MSK;
      0001C9 A6 F4            [ 1]  434 	ld	a, #0xf4
      0001CB CDr00r25         [ 4]  435 	call	_BME280_ReadReg
      0001CE A4 E3            [ 1]  436 	and	a, #0xe3
      0001D0 6B 01            [ 1]  437 	ld	(0x01, sp), a
                                    438 ;	src/bme280.c: 187: reg |= osrs & BME280_OSRS_P_MSK;
      0001D2 7B 02            [ 1]  439 	ld	a, (0x02, sp)
      0001D4 A4 1C            [ 1]  440 	and	a, #0x1c
      0001D6 1A 01            [ 1]  441 	or	a, (0x01, sp)
                                    442 ;	src/bme280.c: 188: BME280_WriteReg(BME280_REG_CTRL_MEAS,reg);
      0001D8 88               [ 1]  443 	push	a
      0001D9 A6 F4            [ 1]  444 	ld	a, #0xf4
      0001DB CDr00r10         [ 4]  445 	call	_BME280_WriteReg
                                    446 ;	src/bme280.c: 189: }
      0001DE 85               [ 2]  447 	popw	x
      0001DF 81               [ 4]  448 	ret
                                    449 ;	src/bme280.c: 191: void BME280_SetOversamplingHum(uint8_t osrs) {
                                    450 ;	-----------------------------------------
                                    451 ;	 function BME280_SetOversamplingHum
                                    452 ;	-----------------------------------------
      0001E0                        453 _BME280_SetOversamplingHum:
      0001E0 89               [ 2]  454 	pushw	x
      0001E1 6B 02            [ 1]  455 	ld	(0x02, sp), a
                                    456 ;	src/bme280.c: 193: reg = BME280_ReadReg(BME280_REG_CTRL_HUM) & ~BME280_OSRS_H_MSK;
      0001E3 A6 F2            [ 1]  457 	ld	a, #0xf2
      0001E5 CDr00r25         [ 4]  458 	call	_BME280_ReadReg
      0001E8 A4 F8            [ 1]  459 	and	a, #0xf8
      0001EA 6B 01            [ 1]  460 	ld	(0x01, sp), a
                                    461 ;	src/bme280.c: 194: reg |= osrs & BME280_OSRS_H_MSK;
      0001EC 7B 02            [ 1]  462 	ld	a, (0x02, sp)
      0001EE A4 07            [ 1]  463 	and	a, #0x07
      0001F0 1A 01            [ 1]  464 	or	a, (0x01, sp)
                                    465 ;	src/bme280.c: 195: BME280_WriteReg(BME280_REG_CTRL_HUM,reg);
      0001F2 88               [ 1]  466 	push	a
      0001F3 A6 F2            [ 1]  467 	ld	a, #0xf2
      0001F5 CDr00r10         [ 4]  468 	call	_BME280_WriteReg
                                    469 ;	src/bme280.c: 198: reg = BME280_ReadReg(BME280_REG_CTRL_MEAS);
      0001F8 A6 F4            [ 1]  470 	ld	a, #0xf4
      0001FA CDr00r25         [ 4]  471 	call	_BME280_ReadReg
                                    472 ;	src/bme280.c: 199: BME280_WriteReg(BME280_REG_CTRL_MEAS,reg);
      0001FD 88               [ 1]  473 	push	a
      0001FE A6 F4            [ 1]  474 	ld	a, #0xf4
      000200 CDr00r10         [ 4]  475 	call	_BME280_WriteReg
                                    476 ;	src/bme280.c: 200: }
      000203 85               [ 2]  477 	popw	x
      000204 81               [ 4]  478 	ret
                                    479 ;	src/bme280.c: 202: void BME280_SetMode(uint8_t mode) {
                                    480 ;	-----------------------------------------
                                    481 ;	 function BME280_SetMode
                                    482 ;	-----------------------------------------
      000205                        483 _BME280_SetMode:
      000205 89               [ 2]  484 	pushw	x
      000206 6B 02            [ 1]  485 	ld	(0x02, sp), a
                                    486 ;	src/bme280.c: 204: reg = BME280_ReadReg(BME280_REG_CTRL_MEAS) & ~BME280_MODE_MSK;
      000208 A6 F4            [ 1]  487 	ld	a, #0xf4
      00020A CDr00r25         [ 4]  488 	call	_BME280_ReadReg
      00020D A4 FC            [ 1]  489 	and	a, #0xfc
      00020F 6B 01            [ 1]  490 	ld	(0x01, sp), a
                                    491 ;	src/bme280.c: 205: reg |= mode & BME280_MODE_MSK;
      000211 7B 02            [ 1]  492 	ld	a, (0x02, sp)
      000213 A4 03            [ 1]  493 	and	a, #0x03
      000215 1A 01            [ 1]  494 	or	a, (0x01, sp)
                                    495 ;	src/bme280.c: 206: BME280_WriteReg(BME280_REG_CTRL_MEAS,reg);
      000217 88               [ 1]  496 	push	a
      000218 A6 F4            [ 1]  497 	ld	a, #0xf4
      00021A CDr00r10         [ 4]  498 	call	_BME280_WriteReg
                                    499 ;	src/bme280.c: 207: }
      00021D 85               [ 2]  500 	popw	x
      00021E 81               [ 4]  501 	ret
                                    502 ;	src/bme280.c: 209: float BME280_ReadTemperature(void) {
                                    503 ;	-----------------------------------------
                                    504 ;	 function BME280_ReadTemperature
                                    505 ;	-----------------------------------------
      00021F                        506 _BME280_ReadTemperature:
                                    507 ;	src/bme280.c: 211: return temper_float;
      00021F 5F               [ 1]  508 	clrw	x
      000220 90 5F            [ 1]  509 	clrw	y
                                    510 ;	src/bme280.c: 212: }
      000222 81               [ 4]  511 	ret
                                    512 ;	src/bme280.c: 214: float BME280_ReadPressure(void) {
                                    513 ;	-----------------------------------------
                                    514 ;	 function BME280_ReadPressure
                                    515 ;	-----------------------------------------
      000223                        516 _BME280_ReadPressure:
                                    517 ;	src/bme280.c: 216: return press_float;
      000223 5F               [ 1]  518 	clrw	x
      000224 90 5F            [ 1]  519 	clrw	y
                                    520 ;	src/bme280.c: 217: }
      000226 81               [ 4]  521 	ret
                                    522 ;	src/bme280.c: 219: float BME280_ReadHumidity(void) {
                                    523 ;	-----------------------------------------
                                    524 ;	 function BME280_ReadHumidity
                                    525 ;	-----------------------------------------
      000227                        526 _BME280_ReadHumidity:
                                    527 ;	src/bme280.c: 221: return hum_float;
      000227 5F               [ 1]  528 	clrw	x
      000228 90 5F            [ 1]  529 	clrw	y
                                    530 ;	src/bme280.c: 222: }
      00022A 81               [ 4]  531 	ret
                                    532 ;	src/bme280.c: 224: float BME280_ReadAltitude(float seaLevel) {
                                    533 ;	-----------------------------------------
                                    534 ;	 function BME280_ReadAltitude
                                    535 ;	-----------------------------------------
      00022B                        536 _BME280_ReadAltitude:
                                    537 ;	src/bme280.c: 227: return att;
      00022B 5F               [ 1]  538 	clrw	x
      00022C 90 5F            [ 1]  539 	clrw	y
                                    540 ;	src/bme280.c: 228: }
      00022E 89               [ 2]  541 	pushw	x
      00022F 1E 03            [ 2]  542 	ldw	x, (3, sp)
      000231 1F 07            [ 2]  543 	ldw	(7, sp), x
      000233 85               [ 2]  544 	popw	x
      000234 5B 04            [ 2]  545 	addw	sp, #4
      000236 81               [ 4]  546 	ret
                                    547 	.area CODE
                                    548 	.area CONST
                                    549 	.area INITIALIZER
                                    550 	.area CABS (ABS)
