                                      1 ;--------------------------------------------------------
                                      2 ; File Created by SDCC : free open source ANSI-C Compiler
                                      3 ; Version 4.2.0 #13081 (MINGW64)
                                      4 ;--------------------------------------------------------
                                      5 	.module ds18X20
                                      6 	.optsdcc -mstm8
                                      7 	
                                      8 ;--------------------------------------------------------
                                      9 ; Public variables in this module
                                     10 ;--------------------------------------------------------
                                     11 	.globl _delay_ms
                                     12 	.globl _delay_us
                                     13 	.globl _GPIO_ReadInputPin
                                     14 	.globl _GPIO_WriteLow
                                     15 	.globl _GPIO_WriteHigh
                                     16 	.globl _GPIO_Init
                                     17 	.globl _GPIO_DeInit
                                     18 	.globl _DS18X20_Reset
                                     19 	.globl _DS18X20_Write_Byte
                                     20 	.globl _DS18X20_Read_Byte
                                     21 	.globl _DS18X20_Read_ID
                                     22 	.globl _DS18X20_Skip_ID
                                     23 	.globl _DS18X20_Get_Temperature
                                     24 	.globl _DS18X20_Setup
                                     25 ;--------------------------------------------------------
                                     26 ; ram data
                                     27 ;--------------------------------------------------------
                                     28 	.area DATA
                                     29 ;--------------------------------------------------------
                                     30 ; ram data
                                     31 ;--------------------------------------------------------
                                     32 	.area INITIALIZED
                                     33 ;--------------------------------------------------------
                                     34 ; absolute external ram data
                                     35 ;--------------------------------------------------------
                                     36 	.area DABS (ABS)
                                     37 
                                     38 ; default segment ordering for linker
                                     39 	.area HOME
                                     40 	.area GSINIT
                                     41 	.area GSFINAL
                                     42 	.area CONST
                                     43 	.area INITIALIZER
                                     44 	.area CODE
                                     45 
                                     46 ;--------------------------------------------------------
                                     47 ; global & static initialisations
                                     48 ;--------------------------------------------------------
                                     49 	.area HOME
                                     50 	.area GSINIT
                                     51 	.area GSFINAL
                                     52 	.area GSINIT
                                     53 ;--------------------------------------------------------
                                     54 ; Home
                                     55 ;--------------------------------------------------------
                                     56 	.area HOME
                                     57 	.area HOME
                                     58 ;--------------------------------------------------------
                                     59 ; code
                                     60 ;--------------------------------------------------------
                                     61 	.area CODE
                                     62 ;	src\ds18X20.c: 3: bool DS18X20_Reset(void) {
                                     63 ;	-----------------------------------------
                                     64 ;	 function DS18X20_Reset
                                     65 ;	-----------------------------------------
      000000                         66 _DS18X20_Reset:
                                     67 ;	src\ds18X20.c: 6: OW_LOW();
      000000 A6 08            [ 1]   68 	ld	a, #0x08
      000002 AE 50 0A         [ 2]   69 	ldw	x, #0x500a
      000005 CDr00r00         [ 4]   70 	call	_GPIO_WriteLow
                                     71 ;	src\ds18X20.c: 8: delay_us(900);
      000008 AE 03 84         [ 2]   72 	ldw	x, #0x0384
      00000B CDr00r00         [ 4]   73 	call	_delay_us
                                     74 ;	src\ds18X20.c: 9: OW_HIGH();
      00000E A6 08            [ 1]   75 	ld	a, #0x08
      000010 AE 50 0A         [ 2]   76 	ldw	x, #0x500a
      000013 CDr00r00         [ 4]   77 	call	_GPIO_WriteHigh
                                     78 ;	src\ds18X20.c: 11: delay_us(120);
      000016 AE 00 78         [ 2]   79 	ldw	x, #0x0078
      000019 CDr00r00         [ 4]   80 	call	_delay_us
                                     81 ;	src\ds18X20.c: 13: if(!OW_READ()) {
      00001C A6 08            [ 1]   82 	ld	a, #0x08
      00001E AE 50 0A         [ 2]   83 	ldw	x, #0x500a
      000021 CDr00r00         [ 4]   84 	call	_GPIO_ReadInputPin
      000024 4D               [ 1]   85 	tnz	a
      000025 26 1A            [ 1]   86 	jrne	00104$
                                     87 ;	src\ds18X20.c: 14: delay_us(480);
      000027 AE 01 E0         [ 2]   88 	ldw	x, #0x01e0
      00002A CDr00r00         [ 4]   89 	call	_delay_us
                                     90 ;	src\ds18X20.c: 15: if(OW_READ()) {
      00002D A6 08            [ 1]   91 	ld	a, #0x08
      00002F AE 50 0A         [ 2]   92 	ldw	x, #0x500a
      000032 CDr00r00         [ 4]   93 	call	_GPIO_ReadInputPin
      000035 4D               [ 1]   94 	tnz	a
      000036 27 0F            [ 1]   95 	jreq	00105$
                                     96 ;	src\ds18X20.c: 16: delay_us(360);
      000038 AE 01 68         [ 2]   97 	ldw	x, #0x0168
      00003B CDr00r00         [ 4]   98 	call	_delay_us
                                     99 ;	src\ds18X20.c: 17: return TRUE;
      00003E A6 01            [ 1]  100 	ld	a, #0x01
      000040 81               [ 4]  101 	ret
      000041                        102 00104$:
                                    103 ;	src\ds18X20.c: 20: delay_us(900);
      000041 AE 03 84         [ 2]  104 	ldw	x, #0x0384
      000044 CDr00r00         [ 4]  105 	call	_delay_us
      000047                        106 00105$:
                                    107 ;	src\ds18X20.c: 23: return FALSE;
      000047 4F               [ 1]  108 	clr	a
                                    109 ;	src\ds18X20.c: 25: }
      000048 81               [ 4]  110 	ret
                                    111 ;	src\ds18X20.c: 27: void DS18X20_Write_Byte(uint8_t data) {
                                    112 ;	-----------------------------------------
                                    113 ;	 function DS18X20_Write_Byte
                                    114 ;	-----------------------------------------
      000049                        115 _DS18X20_Write_Byte:
      000049 89               [ 2]  116 	pushw	x
      00004A 6B 01            [ 1]  117 	ld	(0x01, sp), a
                                    118 ;	src\ds18X20.c: 28: for(uint8_t i = 0; i < 8; i++)
      00004C 0F 02            [ 1]  119 	clr	(0x02, sp)
      00004E                        120 00106$:
      00004E 7B 02            [ 1]  121 	ld	a, (0x02, sp)
      000050 A1 08            [ 1]  122 	cp	a, #0x08
      000052 24 47            [ 1]  123 	jrnc	00108$
                                    124 ;	src\ds18X20.c: 30: if(data & 0x01)
      000054 7B 01            [ 1]  125 	ld	a, (0x01, sp)
      000056 44               [ 1]  126 	srl	a
      000057 24 1F            [ 1]  127 	jrnc	00102$
                                    128 ;	src\ds18X20.c: 32: OW_LOW();               /* master - drive bus low */
      000059 A6 08            [ 1]  129 	ld	a, #0x08
      00005B AE 50 0A         [ 2]  130 	ldw	x, #0x500a
      00005E CDr00r00         [ 4]  131 	call	_GPIO_WriteLow
                                    132 ;	src\ds18X20.c: 34: __asm__ ("nop");
      000061 9D               [ 1]  133 	nop
                                    134 ;	src\ds18X20.c: 35: __asm__ ("nop");
      000062 9D               [ 1]  135 	nop
                                    136 ;	src\ds18X20.c: 36: __asm__ ("nop");
      000063 9D               [ 1]  137 	nop
                                    138 ;	src\ds18X20.c: 37: __asm__ ("nop");
      000064 9D               [ 1]  139 	nop
                                    140 ;	src\ds18X20.c: 38: __asm__ ("nop");
      000065 9D               [ 1]  141 	nop
                                    142 ;	src\ds18X20.c: 39: __asm__ ("nop");
      000066 9D               [ 1]  143 	nop
                                    144 ;	src\ds18X20.c: 40: __asm__ ("nop");
      000067 9D               [ 1]  145 	nop
                                    146 ;	src\ds18X20.c: 41: OW_HIGH();              /* master - release bus */
      000068 A6 08            [ 1]  147 	ld	a, #0x08
      00006A AE 50 0A         [ 2]  148 	ldw	x, #0x500a
      00006D CDr00r00         [ 4]  149 	call	_GPIO_WriteHigh
                                    150 ;	src\ds18X20.c: 43: delay_us(50);   /* master - wait 64us (B-59,64,N/A) */
      000070 AE 00 32         [ 2]  151 	ldw	x, #0x0032
      000073 CDr00r00         [ 4]  152 	call	_delay_us
      000076 20 1D            [ 2]  153 	jra	00103$
      000078                        154 00102$:
                                    155 ;	src\ds18X20.c: 47: OW_LOW();                /* master - drive bus low */
      000078 A6 08            [ 1]  156 	ld	a, #0x08
      00007A AE 50 0A         [ 2]  157 	ldw	x, #0x500a
      00007D CDr00r00         [ 4]  158 	call	_GPIO_WriteLow
                                    159 ;	src\ds18X20.c: 48: delay_us(50);    /* master - wait 60us (C-60,60,120) */
      000080 AE 00 32         [ 2]  160 	ldw	x, #0x0032
      000083 CDr00r00         [ 4]  161 	call	_delay_us
                                    162 ;	src\ds18X20.c: 49: OW_HIGH();               /* master - release bus */
      000086 A6 08            [ 1]  163 	ld	a, #0x08
      000088 AE 50 0A         [ 2]  164 	ldw	x, #0x500a
      00008B CDr00r00         [ 4]  165 	call	_GPIO_WriteHigh
                                    166 ;	src\ds18X20.c: 51: __asm__ ("nop");
      00008E 9D               [ 1]  167 	nop
                                    168 ;	src\ds18X20.c: 52: __asm__ ("nop");
      00008F 9D               [ 1]  169 	nop
                                    170 ;	src\ds18X20.c: 53: __asm__ ("nop");
      000090 9D               [ 1]  171 	nop
                                    172 ;	src\ds18X20.c: 54: __asm__ ("nop");
      000091 9D               [ 1]  173 	nop
                                    174 ;	src\ds18X20.c: 55: __asm__ ("nop");
      000092 9D               [ 1]  175 	nop
                                    176 ;	src\ds18X20.c: 56: __asm__ ("nop");
      000093 9D               [ 1]  177 	nop
                                    178 ;	src\ds18X20.c: 57: __asm__ ("nop");
      000094 9D               [ 1]  179 	nop
      000095                        180 00103$:
                                    181 ;	src\ds18X20.c: 59: data >>= 1;
      000095 04 01            [ 1]  182 	srl	(0x01, sp)
                                    183 ;	src\ds18X20.c: 28: for(uint8_t i = 0; i < 8; i++)
      000097 0C 02            [ 1]  184 	inc	(0x02, sp)
      000099 20 B3            [ 2]  185 	jra	00106$
      00009B                        186 00108$:
                                    187 ;	src\ds18X20.c: 61: }
      00009B 85               [ 2]  188 	popw	x
      00009C 81               [ 4]  189 	ret
                                    190 ;	src\ds18X20.c: 63: uint8_t DS18X20_Read_Byte(void) {
                                    191 ;	-----------------------------------------
                                    192 ;	 function DS18X20_Read_Byte
                                    193 ;	-----------------------------------------
      00009D                        194 _DS18X20_Read_Byte:
      00009D 89               [ 2]  195 	pushw	x
                                    196 ;	src\ds18X20.c: 64: uint8_t result = 0;
      00009E 0F 01            [ 1]  197 	clr	(0x01, sp)
                                    198 ;	src\ds18X20.c: 66: for(uint8_t i = 0; i < 8; i++)
      0000A0 0F 02            [ 1]  199 	clr	(0x02, sp)
      0000A2                        200 00105$:
      0000A2 7B 02            [ 1]  201 	ld	a, (0x02, sp)
      0000A4 A1 08            [ 1]  202 	cp	a, #0x08
      0000A6 24 40            [ 1]  203 	jrnc	00103$
                                    204 ;	src\ds18X20.c: 68: result >>= 1;
      0000A8 04 01            [ 1]  205 	srl	(0x01, sp)
                                    206 ;	src\ds18X20.c: 69: OW_LOW();                 /* master - drive bus low */
      0000AA A6 08            [ 1]  207 	ld	a, #0x08
      0000AC AE 50 0A         [ 2]  208 	ldw	x, #0x500a
      0000AF CDr00r00         [ 4]  209 	call	_GPIO_WriteLow
                                    210 ;	src\ds18X20.c: 71: __asm__ ("nop");
      0000B2 9D               [ 1]  211 	nop
                                    212 ;	src\ds18X20.c: 72: __asm__ ("nop");
      0000B3 9D               [ 1]  213 	nop
                                    214 ;	src\ds18X20.c: 73: __asm__ ("nop");
      0000B4 9D               [ 1]  215 	nop
                                    216 ;	src\ds18X20.c: 74: __asm__ ("nop");
      0000B5 9D               [ 1]  217 	nop
                                    218 ;	src\ds18X20.c: 75: __asm__ ("nop");
      0000B6 9D               [ 1]  219 	nop
                                    220 ;	src\ds18X20.c: 76: __asm__ ("nop");
      0000B7 9D               [ 1]  221 	nop
                                    222 ;	src\ds18X20.c: 77: __asm__ ("nop");
      0000B8 9D               [ 1]  223 	nop
                                    224 ;	src\ds18X20.c: 78: OW_HIGH();                /* master - release bus */
      0000B9 A6 08            [ 1]  225 	ld	a, #0x08
      0000BB AE 50 0A         [ 2]  226 	ldw	x, #0x500a
      0000BE CDr00r00         [ 4]  227 	call	_GPIO_WriteHigh
                                    228 ;	src\ds18X20.c: 80: __asm__ ("nop");
      0000C1 9D               [ 1]  229 	nop
                                    230 ;	src\ds18X20.c: 81: __asm__ ("nop");
      0000C2 9D               [ 1]  231 	nop
                                    232 ;	src\ds18X20.c: 82: __asm__ ("nop");
      0000C3 9D               [ 1]  233 	nop
                                    234 ;	src\ds18X20.c: 83: __asm__ ("nop");
      0000C4 9D               [ 1]  235 	nop
                                    236 ;	src\ds18X20.c: 84: __asm__ ("nop");
      0000C5 9D               [ 1]  237 	nop
                                    238 ;	src\ds18X20.c: 85: __asm__ ("nop");
      0000C6 9D               [ 1]  239 	nop
                                    240 ;	src\ds18X20.c: 86: __asm__ ("nop");
      0000C7 9D               [ 1]  241 	nop
                                    242 ;	src\ds18X20.c: 87: __asm__ ("nop");
      0000C8 9D               [ 1]  243 	nop
                                    244 ;	src\ds18X20.c: 88: __asm__ ("nop");
      0000C9 9D               [ 1]  245 	nop
                                    246 ;	src\ds18X20.c: 89: __asm__ ("nop");
      0000CA 9D               [ 1]  247 	nop
                                    248 ;	src\ds18X20.c: 90: __asm__ ("nop");
      0000CB 9D               [ 1]  249 	nop
                                    250 ;	src\ds18X20.c: 91: __asm__ ("nop");
      0000CC 9D               [ 1]  251 	nop
                                    252 ;	src\ds18X20.c: 92: __asm__ ("nop");
      0000CD 9D               [ 1]  253 	nop
                                    254 ;	src\ds18X20.c: 94: if(OW_READ())  result |= 0x80;
      0000CE A6 08            [ 1]  255 	ld	a, #0x08
      0000D0 AE 50 0A         [ 2]  256 	ldw	x, #0x500a
      0000D3 CDr00r00         [ 4]  257 	call	_GPIO_ReadInputPin
      0000D6 4D               [ 1]  258 	tnz	a
      0000D7 27 05            [ 1]  259 	jreq	00102$
      0000D9 08 01            [ 1]  260 	sll	(0x01, sp)
      0000DB 99               [ 1]  261 	scf
      0000DC 06 01            [ 1]  262 	rrc	(0x01, sp)
      0000DE                        263 00102$:
                                    264 ;	src\ds18X20.c: 95: delay_us(55);     /* master - wait 55us (F-50,55,N/A) */
      0000DE AE 00 37         [ 2]  265 	ldw	x, #0x0037
      0000E1 CDr00r00         [ 4]  266 	call	_delay_us
                                    267 ;	src\ds18X20.c: 66: for(uint8_t i = 0; i < 8; i++)
      0000E4 0C 02            [ 1]  268 	inc	(0x02, sp)
      0000E6 20 BA            [ 2]  269 	jra	00105$
      0000E8                        270 00103$:
                                    271 ;	src\ds18X20.c: 97: return (result);
      0000E8 7B 01            [ 1]  272 	ld	a, (0x01, sp)
                                    273 ;	src\ds18X20.c: 98: }
      0000EA 85               [ 2]  274 	popw	x
      0000EB 81               [ 4]  275 	ret
                                    276 ;	src\ds18X20.c: 100: bool DS18X20_Read_ID(u8 *ROM_ID) {
                                    277 ;	-----------------------------------------
                                    278 ;	 function DS18X20_Read_ID
                                    279 ;	-----------------------------------------
      0000EC                        280 _DS18X20_Read_ID:
      0000EC 52 03            [ 2]  281 	sub	sp, #3
      0000EE 1F 01            [ 2]  282 	ldw	(0x01, sp), x
                                    283 ;	src\ds18X20.c: 101: if(!DS18X20_Reset()) return FALSE;
      0000F0 CDr00r00         [ 4]  284 	call	_DS18X20_Reset
      0000F3 4D               [ 1]  285 	tnz	a
      0000F4 26 03            [ 1]  286 	jrne	00102$
      0000F6 4F               [ 1]  287 	clr	a
      0000F7 20 26            [ 2]  288 	jra	00107$
      0000F9                        289 00102$:
                                    290 ;	src\ds18X20.c: 102: DS18X20_Write_Byte(READ_ROM);
      0000F9 A6 33            [ 1]  291 	ld	a, #0x33
      0000FB CDr00r49         [ 4]  292 	call	_DS18X20_Write_Byte
                                    293 ;	src\ds18X20.c: 103: delay_us(100);
      0000FE AE 00 64         [ 2]  294 	ldw	x, #0x0064
      000101 CDr00r00         [ 4]  295 	call	_delay_us
                                    296 ;	src\ds18X20.c: 104: for(uint8_t i = 0; i < 8; i++)
      000104 0F 03            [ 1]  297 	clr	(0x03, sp)
      000106                        298 00105$:
      000106 7B 03            [ 1]  299 	ld	a, (0x03, sp)
      000108 A1 08            [ 1]  300 	cp	a, #0x08
      00010A 24 11            [ 1]  301 	jrnc	00103$
                                    302 ;	src\ds18X20.c: 106: ROM_ID[i] = DS18X20_Read_Byte();
      00010C 5F               [ 1]  303 	clrw	x
      00010D 7B 03            [ 1]  304 	ld	a, (0x03, sp)
      00010F 97               [ 1]  305 	ld	xl, a
      000110 72 FB 01         [ 2]  306 	addw	x, (0x01, sp)
      000113 89               [ 2]  307 	pushw	x
      000114 CDr00r9D         [ 4]  308 	call	_DS18X20_Read_Byte
      000117 85               [ 2]  309 	popw	x
      000118 F7               [ 1]  310 	ld	(x), a
                                    311 ;	src\ds18X20.c: 104: for(uint8_t i = 0; i < 8; i++)
      000119 0C 03            [ 1]  312 	inc	(0x03, sp)
      00011B 20 E9            [ 2]  313 	jra	00105$
      00011D                        314 00103$:
                                    315 ;	src\ds18X20.c: 108: return TRUE;
      00011D A6 01            [ 1]  316 	ld	a, #0x01
      00011F                        317 00107$:
                                    318 ;	src\ds18X20.c: 109: }
      00011F 5B 03            [ 2]  319 	addw	sp, #3
      000121 81               [ 4]  320 	ret
                                    321 ;	src\ds18X20.c: 111: bool DS18X20_Skip_ID() {
                                    322 ;	-----------------------------------------
                                    323 ;	 function DS18X20_Skip_ID
                                    324 ;	-----------------------------------------
      000122                        325 _DS18X20_Skip_ID:
                                    326 ;	src\ds18X20.c: 112: if(!DS18X20_Reset()) return FALSE;
      000122 CDr00r00         [ 4]  327 	call	_DS18X20_Reset
      000125 4D               [ 1]  328 	tnz	a
      000126 26 02            [ 1]  329 	jrne	00102$
      000128 4F               [ 1]  330 	clr	a
      000129 81               [ 4]  331 	ret
      00012A                        332 00102$:
                                    333 ;	src\ds18X20.c: 113: DS18X20_Write_Byte(SKIP_ROM);
      00012A A6 CC            [ 1]  334 	ld	a, #0xcc
      00012C CDr00r49         [ 4]  335 	call	_DS18X20_Write_Byte
                                    336 ;	src\ds18X20.c: 114: delay_us(100);
      00012F AE 00 64         [ 2]  337 	ldw	x, #0x0064
      000132 CDr00r00         [ 4]  338 	call	_delay_us
                                    339 ;	src\ds18X20.c: 115: return TRUE;
      000135 A6 01            [ 1]  340 	ld	a, #0x01
                                    341 ;	src\ds18X20.c: 116: }
      000137 81               [ 4]  342 	ret
                                    343 ;	src\ds18X20.c: 118: float DS18X20_Get_Temperature() {
                                    344 ;	-----------------------------------------
                                    345 ;	 function DS18X20_Get_Temperature
                                    346 ;	-----------------------------------------
      000138                        347 _DS18X20_Get_Temperature:
      000138 52 05            [ 2]  348 	sub	sp, #5
                                    349 ;	src\ds18X20.c: 123: int8_t sign = 1;
      00013A A6 01            [ 1]  350 	ld	a, #0x01
      00013C 6B 01            [ 1]  351 	ld	(0x01, sp), a
                                    352 ;	src\ds18X20.c: 125: DS18X20_Skip_ID();
      00013E CDr01r22         [ 4]  353 	call	_DS18X20_Skip_ID
                                    354 ;	src\ds18X20.c: 126: if (!DS18X20_Skip_ID()) {
      000141 CDr01r22         [ 4]  355 	call	_DS18X20_Skip_ID
      000144 4D               [ 1]  356 	tnz	a
      000145 26 07            [ 1]  357 	jrne	00102$
                                    358 ;	src\ds18X20.c: 127: return temperature;
      000147 5F               [ 1]  359 	clrw	x
      000148 90 AE C2 C8      [ 2]  360 	ldw	y, #0xc2c8
      00014C 20 6C            [ 2]  361 	jra	00107$
      00014E                        362 00102$:
                                    363 ;	src\ds18X20.c: 129: DS18X20_Write_Byte(CONVERT_T);
      00014E A6 44            [ 1]  364 	ld	a, #0x44
      000150 CDr00r49         [ 4]  365 	call	_DS18X20_Write_Byte
                                    366 ;	src\ds18X20.c: 130: delay_ms(4000);
      000153 AE 0F A0         [ 2]  367 	ldw	x, #0x0fa0
      000156 CDr00r00         [ 4]  368 	call	_delay_ms
                                    369 ;	src\ds18X20.c: 131: DS18X20_Skip_ID();
      000159 CDr01r22         [ 4]  370 	call	_DS18X20_Skip_ID
                                    371 ;	src\ds18X20.c: 132: if (!DS18X20_Skip_ID()) {
      00015C CDr01r22         [ 4]  372 	call	_DS18X20_Skip_ID
      00015F 4D               [ 1]  373 	tnz	a
      000160 26 07            [ 1]  374 	jrne	00104$
                                    375 ;	src\ds18X20.c: 133: return temperature;
      000162 5F               [ 1]  376 	clrw	x
      000163 90 AE C2 C8      [ 2]  377 	ldw	y, #0xc2c8
      000167 20 51            [ 2]  378 	jra	00107$
      000169                        379 00104$:
                                    380 ;	src\ds18X20.c: 135: DS18X20_Write_Byte(READ_SCRATCHPAD);
      000169 A6 BE            [ 1]  381 	ld	a, #0xbe
      00016B CDr00r49         [ 4]  382 	call	_DS18X20_Write_Byte
                                    383 ;	src\ds18X20.c: 136: lsb = DS18X20_Read_Byte();
      00016E CDr00r9D         [ 4]  384 	call	_DS18X20_Read_Byte
      000171 6B 05            [ 1]  385 	ld	(0x05, sp), a
                                    386 ;	src\ds18X20.c: 137: msb = DS18X20_Read_Byte();
      000173 CDr00r9D         [ 4]  387 	call	_DS18X20_Read_Byte
                                    388 ;	src\ds18X20.c: 138: if (msb >> 7) {
      000176 95               [ 1]  389 	ld	xh, a
      000177 4E               [ 1]  390 	swap	a
      000178 A4 0F            [ 1]  391 	and	a, #0x0f
      00017A 44               [ 1]  392 	srl	a
      00017B 44               [ 1]  393 	srl	a
      00017C 44               [ 1]  394 	srl	a
      00017D 4D               [ 1]  395 	tnz	a
      00017E 27 09            [ 1]  396 	jreq	00106$
                                    397 ;	src\ds18X20.c: 139: msb = ~msb;
      000180 9E               [ 1]  398 	ld	a, xh
      000181 43               [ 1]  399 	cpl	a
      000182 95               [ 1]  400 	ld	xh, a
                                    401 ;	src\ds18X20.c: 140: lsb = ~lsb;
      000183 03 05            [ 1]  402 	cpl	(0x05, sp)
                                    403 ;	src\ds18X20.c: 141: sign = -1;
      000185 A6 FF            [ 1]  404 	ld	a, #0xff
      000187 6B 01            [ 1]  405 	ld	(0x01, sp), a
      000189                        406 00106$:
                                    407 ;	src\ds18X20.c: 143: temp = msb;
                                    408 ;	src\ds18X20.c: 144: temp = temp << 8;
      000189 0F 03            [ 1]  409 	clr	(0x03, sp)
                                    410 ;	src\ds18X20.c: 145: temp |= lsb;
      00018B 7B 05            [ 1]  411 	ld	a, (0x05, sp)
      00018D 0F 04            [ 1]  412 	clr	(0x04, sp)
      00018F 1A 03            [ 1]  413 	or	a, (0x03, sp)
      000191 02               [ 1]  414 	rlwa	x
      000192 1A 04            [ 1]  415 	or	a, (0x04, sp)
                                    416 ;	src\ds18X20.c: 146: temp += 1;
      000194 95               [ 1]  417 	ld	xh, a
      000195 5C               [ 1]  418 	incw	x
                                    419 ;	src\ds18X20.c: 168: return temperature = temp * 0.0625 * sign;
      000196 CDr00r00         [ 4]  420 	call	___sint2fs
      000199 89               [ 2]  421 	pushw	x
      00019A 90 89            [ 2]  422 	pushw	y
      00019C 5F               [ 1]  423 	clrw	x
      00019D 89               [ 2]  424 	pushw	x
      00019E 4B 80            [ 1]  425 	push	#0x80
      0001A0 4B 3D            [ 1]  426 	push	#0x3d
      0001A2 CDr00r00         [ 4]  427 	call	___fsmul
      0001A5 1F 04            [ 2]  428 	ldw	(0x04, sp), x
      0001A7 17 02            [ 2]  429 	ldw	(0x02, sp), y
      0001A9 7B 01            [ 1]  430 	ld	a, (0x01, sp)
      0001AB CDr00r00         [ 4]  431 	call	___schar2fs
      0001AE 89               [ 2]  432 	pushw	x
      0001AF 90 89            [ 2]  433 	pushw	y
      0001B1 1E 08            [ 2]  434 	ldw	x, (0x08, sp)
      0001B3 89               [ 2]  435 	pushw	x
      0001B4 1E 08            [ 2]  436 	ldw	x, (0x08, sp)
      0001B6 89               [ 2]  437 	pushw	x
      0001B7 CDr00r00         [ 4]  438 	call	___fsmul
      0001BA                        439 00107$:
                                    440 ;	src\ds18X20.c: 169: }
      0001BA 5B 05            [ 2]  441 	addw	sp, #5
      0001BC 81               [ 4]  442 	ret
                                    443 ;	src\ds18X20.c: 171: void DS18X20_Setup(void) {
                                    444 ;	-----------------------------------------
                                    445 ;	 function DS18X20_Setup
                                    446 ;	-----------------------------------------
      0001BD                        447 _DS18X20_Setup:
                                    448 ;	src\ds18X20.c: 172: OW_OUTPUT();
      0001BD AE 50 0A         [ 2]  449 	ldw	x, #0x500a
      0001C0 CDr00r00         [ 4]  450 	call	_GPIO_DeInit
      0001C3 4B F0            [ 1]  451 	push	#0xf0
      0001C5 A6 08            [ 1]  452 	ld	a, #0x08
      0001C7 AE 50 0A         [ 2]  453 	ldw	x, #0x500a
      0001CA CDr00r00         [ 4]  454 	call	_GPIO_Init
                                    455 ;	src\ds18X20.c: 173: }
      0001CD 81               [ 4]  456 	ret
                                    457 	.area CODE
                                    458 	.area CONST
                                    459 	.area INITIALIZER
                                    460 	.area CABS (ABS)
